#
# There is insufficient memory for the Java Runtime Environment to continue.
# Native memory allocation (malloc) failed to allocate 687136 bytes for Chunk::new
# Possible reasons:
#   The system is out of physical RAM or swap space
#   The process is running with CompressedOops enabled, and the Java Heap may be blocking the growth of the native heap
# Possible solutions:
#   Reduce memory load on the system
#   Increase physical memory or swap space
#   Check if swap backing store is full
#   Decrease Java heap size (-Xmx/-Xms)
#   Decrease number of Java threads
#   Decrease Java thread stack sizes (-Xss)
#   Set larger code cache with -XX:ReservedCodeCacheSize=
#   JVM is running with Unscaled Compressed Oops mode in which the Java heap is
#     placed in the first 4GB address space. The Java Heap base address is the
#     maximum limit for the native heap growth. Please use -XX:HeapBaseMinAddress
#     to set the Java Heap base and to place the Java Heap above 4GB virtual address.
# This output file may be truncated or incomplete.
#
#  Out of Memory Error (./open/src/hotspot/share/memory/arena.cpp:197), pid=36148, tid=34640
#
# JRE version: Java(TM) SE Runtime Environment 18.9 (11.0.19+9) (build 11.0.19+9-LTS-224)
# Java VM: Java HotSpot(TM) 64-Bit Server VM 18.9 (11.0.19+9-LTS-224, mixed mode, tiered, compressed oops, g1 gc, windows-amd64)
# No core dump will be written. Minidumps are not enabled by default on client versions of Windows
#

---------------  S U M M A R Y ------------

Command Line: -Dclassworlds.conf=C:\Program Files\NetBeans-19\netbeans\java\maven\bin\m2.conf -Dmaven.home=C:\Program Files\NetBeans-19\netbeans\java\maven -Dlibrary.jansi.path=C:\Program Files\NetBeans-19\netbeans\java\maven\lib\jansi-native -Dmaven.multiModuleProjectDirectory=C:\Users\aless\OneDrive\Desktop\OBJECT ORIENTED DESIGN & DEVELOPMENT\GroupProject_AD\GroupProject_AD org.codehaus.plexus.classworlds.launcher.Launcher -Dexec.vmArgs= -Dexec.args=${exec.vmArgs} -classpath %classpath ${exec.mainClass} ${exec.appArgs} -Dexec.executable=C:\Program Files\Java\jdk-11\bin\java.exe -Dexec.mainClass=GroupProject_AD.GroupProject_AD -Dexec.classpathScope=runtime -Dexec.appArgs= -Dmaven.ext.class.path=C:\Program Files\NetBeans-19\netbeans\java\maven-nblib\netbeans-eventspy.jar -Dfile.encoding=UTF-8 --no-transfer-progress process-classes org.codehaus.mojo:exec-maven-plugin:3.1.0:exec

Host: 11th Gen Intel(R) Core(TM) i5-1135G7 @ 2.40GHz, 8 cores, 7G,  Windows 11 , 64 bit Build 22621 (10.0.22621.2506)
Time: Sat Jan 27 17:17:07 2024 GMT Standard Time elapsed time: 2.502291 seconds (0d 0h 0m 2s)

---------------  T H R E A D  ---------------

Current thread (0x0000023f72f62800):  JavaThread "C2 CompilerThread0" daemon [_thread_in_native, id=34640, stack(0x000000c62b300000,0x000000c62b400000)]


Current CompileTask:
C2:   2502 3569   !   4       jdk.internal.loader.BuiltinClassLoader::loadClassOrNull (143 bytes)

Stack: [0x000000c62b300000,0x000000c62b400000]
Native frames: (J=compiled Java code, j=interpreted, Vv=VM code, C=native code)
V  [jvm.dll+0x65fe1a]
V  [jvm.dll+0x7a2bbf]
V  [jvm.dll+0x7a4289]
V  [jvm.dll+0x7a4923]
V  [jvm.dll+0x258a25]
V  [jvm.dll+0xb29cc]
V  [jvm.dll+0xb2f8c]
V  [jvm.dll+0x2ca132]
V  [jvm.dll+0x56f1dc]
V  [jvm.dll+0x210f07]
V  [jvm.dll+0x213739]
V  [jvm.dll+0x2105e4]
V  [jvm.dll+0x18c841]
V  [jvm.dll+0x220989]
V  [jvm.dll+0x21ecac]
V  [jvm.dll+0x766921]
V  [jvm.dll+0x75f2e4]
V  [jvm.dll+0x65ecc5]
C  [ucrtbase.dll+0x29363]
C  [KERNEL32.DLL+0x1257d]
C  [ntdll.dll+0x5aa58]


---------------  P R O C E S S  ---------------

Threads class SMR info:
_java_thread_list=0x0000023f73dc7e80, length=11, elements={
0x0000023f547ae000, 0x0000023f72645800, 0x0000023f72647000, 0x0000023f72fb6000,
0x0000023f72fb9000, 0x0000023f72fbb000, 0x0000023f72f62800, 0x0000023f72f66000,
0x0000023f72f68800, 0x0000023f73135800, 0x0000023f734a2800
}

Java Threads: ( => current thread )
  0x0000023f547ae000 JavaThread "main" [_thread_in_vm, id=5640, stack(0x000000c62a700000,0x000000c62a800000)]
  0x0000023f72645800 JavaThread "Reference Handler" daemon [_thread_blocked, id=43036, stack(0x000000c62ae00000,0x000000c62af00000)]
  0x0000023f72647000 JavaThread "Finalizer" daemon [_thread_blocked, id=27300, stack(0x000000c62af00000,0x000000c62b000000)]
  0x0000023f72fb6000 JavaThread "Signal Dispatcher" daemon [_thread_blocked, id=30908, stack(0x000000c62b000000,0x000000c62b100000)]
  0x0000023f72fb9000 JavaThread "Attach Listener" daemon [_thread_blocked, id=44152, stack(0x000000c62b100000,0x000000c62b200000)]
  0x0000023f72fbb000 JavaThread "Service Thread" daemon [_thread_blocked, id=41404, stack(0x000000c62b200000,0x000000c62b300000)]
=>0x0000023f72f62800 JavaThread "C2 CompilerThread0" daemon [_thread_in_native, id=34640, stack(0x000000c62b300000,0x000000c62b400000)]
  0x0000023f72f66000 JavaThread "C1 CompilerThread0" daemon [_thread_blocked, id=29728, stack(0x000000c62b400000,0x000000c62b500000)]
  0x0000023f72f68800 JavaThread "Sweeper thread" daemon [_thread_blocked, id=38700, stack(0x000000c62b500000,0x000000c62b600000)]
  0x0000023f73135800 JavaThread "Common-Cleaner" daemon [_thread_blocked, id=41428, stack(0x000000c62b700000,0x000000c62b800000)]
  0x0000023f734a2800 JavaThread "C2 CompilerThread1" daemon [_thread_blocked, id=34672, stack(0x000000c62ba00000,0x000000c62bb00000)]

Other Threads:
  0x0000023f72622800 VMThread "VM Thread" [stack: 0x000000c62ad00000,0x000000c62ae00000] [id=39856]
  0x0000023f73120000 WatcherThread [stack: 0x000000c62b600000,0x000000c62b700000] [id=36200]
  0x0000023f547c1800 GCTaskThread "GC Thread#0" [stack: 0x000000c62a800000,0x000000c62a900000] [id=43516]
  0x0000023f738c1000 GCTaskThread "GC Thread#1" [stack: 0x000000c62b800000,0x000000c62b900000] [id=21896]
  0x0000023f738c2000 GCTaskThread "GC Thread#2" [stack: 0x000000c62b900000,0x000000c62ba00000] [id=11168]
  0x0000023f547f1000 ConcurrentGCThread "G1 Main Marker" [stack: 0x000000c62a900000,0x000000c62aa00000] [id=24756]
  0x0000023f547f4000 ConcurrentGCThread "G1 Conc#0" [stack: 0x000000c62aa00000,0x000000c62ab00000] [id=22480]
  0x0000023f756c2800 ConcurrentGCThread "G1 Conc#1" [stack: 0x000000c62bb00000,0x000000c62bc00000] [id=43604]
  0x0000023f5486e000 ConcurrentGCThread "G1 Refine#0" [stack: 0x000000c62ab00000,0x000000c62ac00000] [id=43748]
  0x0000023f7248c800 ConcurrentGCThread "G1 Young RemSet Sampling" [stack: 0x000000c62ac00000,0x000000c62ad00000] [id=14572]

Threads with active compile tasks:
C2 CompilerThread0     2555 3569   !   4       jdk.internal.loader.BuiltinClassLoader::loadClassOrNull (143 bytes)

VM state:not at safepoint (normal execution)

VM Mutex/Monitor currently owned by a thread: None

Heap address: 0x0000000083600000, size: 1994 MB, Compressed Oops mode: 32-bit
Narrow klass base: 0x0000000000000000, Narrow klass shift: 3
Compressed class space size: 1073741824 Address: 0x0000000100000000

Heap:
 garbage-first heap   total 129024K, used 52051K [0x0000000083600000, 0x0000000100000000)
  region size 1024K, 52 young (53248K), 7 survivors (7168K)
 Metaspace       used 29725K, capacity 30471K, committed 30592K, reserved 1077248K
  class space    used 3379K, capacity 3634K, committed 3712K, reserved 1048576K
Heap Regions: E=young(eden), S=young(survivor), O=old, HS=humongous(starts), HC=humongous(continues), CS=collection set, F=free, A=archive, TAMS=top-at-mark-start (previous, next)
|   0|0x0000000083600000, 0x000000008368ee00, 0x0000000083700000| 55%| O|  |TAMS 0x000000008368ee00, 0x0000000083600000| Untracked 
|   1|0x0000000083700000, 0x0000000083700000, 0x0000000083800000|  0%| F|  |TAMS 0x0000000083700000, 0x0000000083700000| Untracked 
|   2|0x0000000083800000, 0x0000000083800000, 0x0000000083900000|  0%| F|  |TAMS 0x0000000083800000, 0x0000000083800000| Untracked 
|   3|0x0000000083900000, 0x0000000083900000, 0x0000000083a00000|  0%| F|  |TAMS 0x0000000083900000, 0x0000000083900000| Untracked 
|   4|0x0000000083a00000, 0x0000000083a00000, 0x0000000083b00000|  0%| F|  |TAMS 0x0000000083a00000, 0x0000000083a00000| Untracked 
|   5|0x0000000083b00000, 0x0000000083b00000, 0x0000000083c00000|  0%| F|  |TAMS 0x0000000083b00000, 0x0000000083b00000| Untracked 
|   6|0x0000000083c00000, 0x0000000083c00000, 0x0000000083d00000|  0%| F|  |TAMS 0x0000000083c00000, 0x0000000083c00000| Untracked 
|   7|0x0000000083d00000, 0x0000000083d00000, 0x0000000083e00000|  0%| F|  |TAMS 0x0000000083d00000, 0x0000000083d00000| Untracked 
|   8|0x0000000083e00000, 0x0000000083e00000, 0x0000000083f00000|  0%| F|  |TAMS 0x0000000083e00000, 0x0000000083e00000| Untracked 
|   9|0x0000000083f00000, 0x0000000083f00000, 0x0000000084000000|  0%| F|  |TAMS 0x0000000083f00000, 0x0000000083f00000| Untracked 
|  10|0x0000000084000000, 0x0000000084000000, 0x0000000084100000|  0%| F|  |TAMS 0x0000000084000000, 0x0000000084000000| Untracked 
|  11|0x0000000084100000, 0x0000000084100000, 0x0000000084200000|  0%| F|  |TAMS 0x0000000084100000, 0x0000000084100000| Untracked 
|  12|0x0000000084200000, 0x0000000084200000, 0x0000000084300000|  0%| F|  |TAMS 0x0000000084200000, 0x0000000084200000| Untracked 
|  13|0x0000000084300000, 0x0000000084300000, 0x0000000084400000|  0%| F|  |TAMS 0x0000000084300000, 0x0000000084300000| Untracked 
|  14|0x0000000084400000, 0x0000000084400000, 0x0000000084500000|  0%| F|  |TAMS 0x0000000084400000, 0x0000000084400000| Untracked 
|  15|0x0000000084500000, 0x0000000084500000, 0x0000000084600000|  0%| F|  |TAMS 0x0000000084500000, 0x0000000084500000| Untracked 
|  16|0x0000000084600000, 0x0000000084600000, 0x0000000084700000|  0%| F|  |TAMS 0x0000000084600000, 0x0000000084600000| Untracked 
|  17|0x0000000084700000, 0x0000000084700000, 0x0000000084800000|  0%| F|  |TAMS 0x0000000084700000, 0x0000000084700000| Untracked 
|  18|0x0000000084800000, 0x0000000084800000, 0x0000000084900000|  0%| F|  |TAMS 0x0000000084800000, 0x0000000084800000| Untracked 
|  19|0x0000000084900000, 0x0000000084900000, 0x0000000084a00000|  0%| F|  |TAMS 0x0000000084900000, 0x0000000084900000| Untracked 
|  20|0x0000000084a00000, 0x0000000084a00000, 0x0000000084b00000|  0%| F|  |TAMS 0x0000000084a00000, 0x0000000084a00000| Untracked 
|  21|0x0000000084b00000, 0x0000000084b00000, 0x0000000084c00000|  0%| F|  |TAMS 0x0000000084b00000, 0x0000000084b00000| Untracked 
|  22|0x0000000084c00000, 0x0000000084c00000, 0x0000000084d00000|  0%| F|  |TAMS 0x0000000084c00000, 0x0000000084c00000| Untracked 
|  23|0x0000000084d00000, 0x0000000084d00000, 0x0000000084e00000|  0%| F|  |TAMS 0x0000000084d00000, 0x0000000084d00000| Untracked 
|  24|0x0000000084e00000, 0x0000000084e00000, 0x0000000084f00000|  0%| F|  |TAMS 0x0000000084e00000, 0x0000000084e00000| Untracked 
|  25|0x0000000084f00000, 0x0000000084f00000, 0x0000000085000000|  0%| F|  |TAMS 0x0000000084f00000, 0x0000000084f00000| Untracked 
|  26|0x0000000085000000, 0x0000000085000000, 0x0000000085100000|  0%| F|  |TAMS 0x0000000085000000, 0x0000000085000000| Untracked 
|  27|0x0000000085100000, 0x0000000085100000, 0x0000000085200000|  0%| F|  |TAMS 0x0000000085100000, 0x0000000085100000| Untracked 
|  28|0x0000000085200000, 0x0000000085200000, 0x0000000085300000|  0%| F|  |TAMS 0x0000000085200000, 0x0000000085200000| Untracked 
|  29|0x0000000085300000, 0x0000000085300000, 0x0000000085400000|  0%| F|  |TAMS 0x0000000085300000, 0x0000000085300000| Untracked 
|  30|0x0000000085400000, 0x0000000085400000, 0x0000000085500000|  0%| F|  |TAMS 0x0000000085400000, 0x0000000085400000| Untracked 
|  31|0x0000000085500000, 0x0000000085500000, 0x0000000085600000|  0%| F|  |TAMS 0x0000000085500000, 0x0000000085500000| Untracked 
|  32|0x0000000085600000, 0x0000000085600000, 0x0000000085700000|  0%| F|  |TAMS 0x0000000085600000, 0x0000000085600000| Untracked 
|  33|0x0000000085700000, 0x0000000085700000, 0x0000000085800000|  0%| F|  |TAMS 0x0000000085700000, 0x0000000085700000| Untracked 
|  34|0x0000000085800000, 0x0000000085800000, 0x0000000085900000|  0%| F|  |TAMS 0x0000000085800000, 0x0000000085800000| Untracked 
|  35|0x0000000085900000, 0x0000000085900000, 0x0000000085a00000|  0%| F|  |TAMS 0x0000000085900000, 0x0000000085900000| Untracked 
|  36|0x0000000085a00000, 0x0000000085a00000, 0x0000000085b00000|  0%| F|  |TAMS 0x0000000085a00000, 0x0000000085a00000| Untracked 
|  37|0x0000000085b00000, 0x0000000085b00000, 0x0000000085c00000|  0%| F|  |TAMS 0x0000000085b00000, 0x0000000085b00000| Untracked 
|  38|0x0000000085c00000, 0x0000000085c00000, 0x0000000085d00000|  0%| F|  |TAMS 0x0000000085c00000, 0x0000000085c00000| Untracked 
|  39|0x0000000085d00000, 0x0000000085d00000, 0x0000000085e00000|  0%| F|  |TAMS 0x0000000085d00000, 0x0000000085d00000| Untracked 
|  40|0x0000000085e00000, 0x0000000085e00000, 0x0000000085f00000|  0%| F|  |TAMS 0x0000000085e00000, 0x0000000085e00000| Untracked 
|  41|0x0000000085f00000, 0x0000000085f00000, 0x0000000086000000|  0%| F|  |TAMS 0x0000000085f00000, 0x0000000085f00000| Untracked 
|  42|0x0000000086000000, 0x0000000086000000, 0x0000000086100000|  0%| F|  |TAMS 0x0000000086000000, 0x0000000086000000| Untracked 
|  43|0x0000000086100000, 0x0000000086100000, 0x0000000086200000|  0%| F|  |TAMS 0x0000000086100000, 0x0000000086100000| Untracked 
|  44|0x0000000086200000, 0x0000000086200000, 0x0000000086300000|  0%| F|  |TAMS 0x0000000086200000, 0x0000000086200000| Untracked 
|  45|0x0000000086300000, 0x0000000086300000, 0x0000000086400000|  0%| F|  |TAMS 0x0000000086300000, 0x0000000086300000| Untracked 
|  46|0x0000000086400000, 0x0000000086400000, 0x0000000086500000|  0%| F|  |TAMS 0x0000000086400000, 0x0000000086400000| Untracked 
|  47|0x0000000086500000, 0x0000000086500000, 0x0000000086600000|  0%| F|  |TAMS 0x0000000086500000, 0x0000000086500000| Untracked 
|  48|0x0000000086600000, 0x0000000086600000, 0x0000000086700000|  0%| F|  |TAMS 0x0000000086600000, 0x0000000086600000| Untracked 
|  49|0x0000000086700000, 0x0000000086700000, 0x0000000086800000|  0%| F|  |TAMS 0x0000000086700000, 0x0000000086700000| Untracked 
|  50|0x0000000086800000, 0x0000000086800000, 0x0000000086900000|  0%| F|  |TAMS 0x0000000086800000, 0x0000000086800000| Untracked 
|  51|0x0000000086900000, 0x0000000086900000, 0x0000000086a00000|  0%| F|  |TAMS 0x0000000086900000, 0x0000000086900000| Untracked 
|  52|0x0000000086a00000, 0x0000000086a00000, 0x0000000086b00000|  0%| F|  |TAMS 0x0000000086a00000, 0x0000000086a00000| Untracked 
|  53|0x0000000086b00000, 0x0000000086b00000, 0x0000000086c00000|  0%| F|  |TAMS 0x0000000086b00000, 0x0000000086b00000| Untracked 
|  54|0x0000000086c00000, 0x0000000086c00000, 0x0000000086d00000|  0%| F|  |TAMS 0x0000000086c00000, 0x0000000086c00000| Untracked 
|  55|0x0000000086d00000, 0x0000000086d00000, 0x0000000086e00000|  0%| F|  |TAMS 0x0000000086d00000, 0x0000000086d00000| Untracked 
|  56|0x0000000086e00000, 0x0000000086e00000, 0x0000000086f00000|  0%| F|  |TAMS 0x0000000086e00000, 0x0000000086e00000| Untracked 
|  57|0x0000000086f00000, 0x0000000086f00000, 0x0000000087000000|  0%| F|  |TAMS 0x0000000086f00000, 0x0000000086f00000| Untracked 
|  58|0x0000000087000000, 0x0000000087000000, 0x0000000087100000|  0%| F|  |TAMS 0x0000000087000000, 0x0000000087000000| Untracked 
|  59|0x0000000087100000, 0x0000000087100000, 0x0000000087200000|  0%| F|  |TAMS 0x0000000087100000, 0x0000000087100000| Untracked 
|  60|0x0000000087200000, 0x0000000087245e90, 0x0000000087300000| 27%| S|CS|TAMS 0x0000000087200000, 0x0000000087200000| Complete 
|  61|0x0000000087300000, 0x0000000087400000, 0x0000000087400000|100%| S|CS|TAMS 0x0000000087300000, 0x0000000087300000| Complete 
|  62|0x0000000087400000, 0x0000000087500000, 0x0000000087500000|100%| S|CS|TAMS 0x0000000087400000, 0x0000000087400000| Complete 
|  63|0x0000000087500000, 0x0000000087600000, 0x0000000087600000|100%| S|CS|TAMS 0x0000000087500000, 0x0000000087500000| Complete 
|  64|0x0000000087600000, 0x0000000087700000, 0x0000000087700000|100%| S|CS|TAMS 0x0000000087600000, 0x0000000087600000| Complete 
|  65|0x0000000087700000, 0x0000000087800000, 0x0000000087800000|100%| S|CS|TAMS 0x0000000087700000, 0x0000000087700000| Complete 
|  66|0x0000000087800000, 0x0000000087900000, 0x0000000087900000|100%| S|CS|TAMS 0x0000000087800000, 0x0000000087800000| Complete 
|  67|0x0000000087900000, 0x0000000087900000, 0x0000000087a00000|  0%| F|  |TAMS 0x0000000087900000, 0x0000000087900000| Untracked 
|  68|0x0000000087a00000, 0x0000000087a00000, 0x0000000087b00000|  0%| F|  |TAMS 0x0000000087a00000, 0x0000000087a00000| Untracked 
|  69|0x0000000087b00000, 0x0000000087b00000, 0x0000000087c00000|  0%| F|  |TAMS 0x0000000087b00000, 0x0000000087b00000| Untracked 
|  70|0x0000000087c00000, 0x0000000087c00000, 0x0000000087d00000|  0%| F|  |TAMS 0x0000000087c00000, 0x0000000087c00000| Untracked 
|  71|0x0000000087d00000, 0x0000000087d00000, 0x0000000087e00000|  0%| F|  |TAMS 0x0000000087d00000, 0x0000000087d00000| Untracked 
|  72|0x0000000087e00000, 0x0000000087e00000, 0x0000000087f00000|  0%| F|  |TAMS 0x0000000087e00000, 0x0000000087e00000| Untracked 
|  73|0x0000000087f00000, 0x0000000087f00000, 0x0000000088000000|  0%| F|  |TAMS 0x0000000087f00000, 0x0000000087f00000| Untracked 
|  74|0x0000000088000000, 0x0000000088000000, 0x0000000088100000|  0%| F|  |TAMS 0x0000000088000000, 0x0000000088000000| Untracked 
|  75|0x0000000088100000, 0x0000000088100000, 0x0000000088200000|  0%| F|  |TAMS 0x0000000088100000, 0x0000000088100000| Untracked 
|  76|0x0000000088200000, 0x0000000088200000, 0x0000000088300000|  0%| F|  |TAMS 0x0000000088200000, 0x0000000088200000| Untracked 
|  77|0x0000000088300000, 0x0000000088300000, 0x0000000088400000|  0%| F|  |TAMS 0x0000000088300000, 0x0000000088300000| Untracked 
|  78|0x0000000088400000, 0x0000000088400000, 0x0000000088500000|  0%| F|  |TAMS 0x0000000088400000, 0x0000000088400000| Untracked 
|  79|0x0000000088500000, 0x0000000088500000, 0x0000000088600000|  0%| F|  |TAMS 0x0000000088500000, 0x0000000088500000| Untracked 
|  80|0x0000000088600000, 0x0000000088600000, 0x0000000088700000|  0%| F|  |TAMS 0x0000000088600000, 0x0000000088600000| Untracked 
|  81|0x0000000088700000, 0x0000000088780800, 0x0000000088800000| 50%| E|  |TAMS 0x0000000088700000, 0x0000000088700000| Complete 
|  82|0x0000000088800000, 0x0000000088900000, 0x0000000088900000|100%| E|CS|TAMS 0x0000000088800000, 0x0000000088800000| Complete 
|  83|0x0000000088900000, 0x0000000088a00000, 0x0000000088a00000|100%| E|CS|TAMS 0x0000000088900000, 0x0000000088900000| Complete 
|  84|0x0000000088a00000, 0x0000000088b00000, 0x0000000088b00000|100%| E|CS|TAMS 0x0000000088a00000, 0x0000000088a00000| Complete 
|  85|0x0000000088b00000, 0x0000000088c00000, 0x0000000088c00000|100%| E|CS|TAMS 0x0000000088b00000, 0x0000000088b00000| Complete 
|  86|0x0000000088c00000, 0x0000000088d00000, 0x0000000088d00000|100%| E|CS|TAMS 0x0000000088c00000, 0x0000000088c00000| Complete 
|  87|0x0000000088d00000, 0x0000000088e00000, 0x0000000088e00000|100%| E|CS|TAMS 0x0000000088d00000, 0x0000000088d00000| Complete 
|  88|0x0000000088e00000, 0x0000000088f00000, 0x0000000088f00000|100%| E|CS|TAMS 0x0000000088e00000, 0x0000000088e00000| Complete 
|  89|0x0000000088f00000, 0x0000000089000000, 0x0000000089000000|100%| E|CS|TAMS 0x0000000088f00000, 0x0000000088f00000| Complete 
|  90|0x0000000089000000, 0x0000000089100000, 0x0000000089100000|100%| E|CS|TAMS 0x0000000089000000, 0x0000000089000000| Complete 
|  91|0x0000000089100000, 0x0000000089200000, 0x0000000089200000|100%| E|CS|TAMS 0x0000000089100000, 0x0000000089100000| Complete 
|  92|0x0000000089200000, 0x0000000089300000, 0x0000000089300000|100%| E|CS|TAMS 0x0000000089200000, 0x0000000089200000| Complete 
|  93|0x0000000089300000, 0x0000000089400000, 0x0000000089400000|100%| E|CS|TAMS 0x0000000089300000, 0x0000000089300000| Complete 
|  94|0x0000000089400000, 0x0000000089500000, 0x0000000089500000|100%| E|CS|TAMS 0x0000000089400000, 0x0000000089400000| Complete 
|  95|0x0000000089500000, 0x0000000089600000, 0x0000000089600000|100%| E|CS|TAMS 0x0000000089500000, 0x0000000089500000| Complete 
|  96|0x0000000089600000, 0x0000000089700000, 0x0000000089700000|100%| E|CS|TAMS 0x0000000089600000, 0x0000000089600000| Complete 
|  97|0x0000000089700000, 0x0000000089800000, 0x0000000089800000|100%| E|CS|TAMS 0x0000000089700000, 0x0000000089700000| Complete 
|  98|0x0000000089800000, 0x0000000089900000, 0x0000000089900000|100%| E|CS|TAMS 0x0000000089800000, 0x0000000089800000| Complete 
|  99|0x0000000089900000, 0x0000000089a00000, 0x0000000089a00000|100%| E|CS|TAMS 0x0000000089900000, 0x0000000089900000| Complete 
| 100|0x0000000089a00000, 0x0000000089b00000, 0x0000000089b00000|100%| E|CS|TAMS 0x0000000089a00000, 0x0000000089a00000| Complete 
| 101|0x0000000089b00000, 0x0000000089c00000, 0x0000000089c00000|100%| E|CS|TAMS 0x0000000089b00000, 0x0000000089b00000| Complete 
| 102|0x0000000089c00000, 0x0000000089d00000, 0x0000000089d00000|100%| E|CS|TAMS 0x0000000089c00000, 0x0000000089c00000| Complete 
| 103|0x0000000089d00000, 0x0000000089e00000, 0x0000000089e00000|100%| E|CS|TAMS 0x0000000089d00000, 0x0000000089d00000| Complete 
| 104|0x0000000089e00000, 0x0000000089f00000, 0x0000000089f00000|100%| E|CS|TAMS 0x0000000089e00000, 0x0000000089e00000| Complete 
| 105|0x0000000089f00000, 0x000000008a000000, 0x000000008a000000|100%| E|CS|TAMS 0x0000000089f00000, 0x0000000089f00000| Complete 
| 106|0x000000008a000000, 0x000000008a100000, 0x000000008a100000|100%| E|CS|TAMS 0x000000008a000000, 0x000000008a000000| Complete 
| 107|0x000000008a100000, 0x000000008a200000, 0x000000008a200000|100%| E|CS|TAMS 0x000000008a100000, 0x000000008a100000| Complete 
| 108|0x000000008a200000, 0x000000008a300000, 0x000000008a300000|100%| E|CS|TAMS 0x000000008a200000, 0x000000008a200000| Complete 
| 109|0x000000008a300000, 0x000000008a400000, 0x000000008a400000|100%| E|CS|TAMS 0x000000008a300000, 0x000000008a300000| Complete 
| 110|0x000000008a400000, 0x000000008a500000, 0x000000008a500000|100%| E|CS|TAMS 0x000000008a400000, 0x000000008a400000| Complete 
| 111|0x000000008a500000, 0x000000008a600000, 0x000000008a600000|100%| E|CS|TAMS 0x000000008a500000, 0x000000008a500000| Complete 
| 112|0x000000008a600000, 0x000000008a700000, 0x000000008a700000|100%| E|CS|TAMS 0x000000008a600000, 0x000000008a600000| Complete 
| 113|0x000000008a700000, 0x000000008a800000, 0x000000008a800000|100%| E|CS|TAMS 0x000000008a700000, 0x000000008a700000| Complete 
| 114|0x000000008a800000, 0x000000008a900000, 0x000000008a900000|100%| E|CS|TAMS 0x000000008a800000, 0x000000008a800000| Complete 
| 115|0x000000008a900000, 0x000000008aa00000, 0x000000008aa00000|100%| E|CS|TAMS 0x000000008a900000, 0x000000008a900000| Complete 
| 116|0x000000008aa00000, 0x000000008ab00000, 0x000000008ab00000|100%| E|CS|TAMS 0x000000008aa00000, 0x000000008aa00000| Complete 
| 117|0x000000008ab00000, 0x000000008ac00000, 0x000000008ac00000|100%| E|CS|TAMS 0x000000008ab00000, 0x000000008ab00000| Complete 
| 118|0x000000008ac00000, 0x000000008ad00000, 0x000000008ad00000|100%| E|CS|TAMS 0x000000008ac00000, 0x000000008ac00000| Complete 
| 119|0x000000008ad00000, 0x000000008ae00000, 0x000000008ae00000|100%| E|CS|TAMS 0x000000008ad00000, 0x000000008ad00000| Complete 
| 120|0x000000008ae00000, 0x000000008af00000, 0x000000008af00000|100%| E|CS|TAMS 0x000000008ae00000, 0x000000008ae00000| Complete 
| 121|0x000000008af00000, 0x000000008b000000, 0x000000008b000000|100%| E|CS|TAMS 0x000000008af00000, 0x000000008af00000| Complete 
| 122|0x000000008b000000, 0x000000008b100000, 0x000000008b100000|100%| E|CS|TAMS 0x000000008b000000, 0x000000008b000000| Complete 
| 123|0x000000008b100000, 0x000000008b200000, 0x000000008b200000|100%| E|CS|TAMS 0x000000008b100000, 0x000000008b100000| Complete 
| 124|0x000000008b200000, 0x000000008b300000, 0x000000008b300000|100%| E|CS|TAMS 0x000000008b200000, 0x000000008b200000| Complete 
| 125|0x000000008b300000, 0x000000008b400000, 0x000000008b400000|100%| E|CS|TAMS 0x000000008b300000, 0x000000008b300000| Complete 

Card table byte_map: [0x0000023f6b590000,0x0000023f6b980000] _byte_map_base: 0x0000023f6b175000

Marking Bits (Prev, Next): (CMBitMap*) 0x0000023f547e8870, (CMBitMap*) 0x0000023f547e8838
 Prev Bits: [0x0000023f6dca0000, 0x0000023f6fbc8000)
 Next Bits: [0x0000023f6bd70000, 0x0000023f6dc98000)

Polling page: 0x0000023f52710000

Metaspace:

Usage:
  Non-class:     26.33 MB capacity,    25.82 MB ( 98%) used,   473.47 KB (  2%) free+waste,    52.94 KB ( <1%) overhead. 
      Class:      3.58 MB capacity,     3.32 MB ( 93%) used,   243.68 KB (  7%) free+waste,    25.00 KB ( <1%) overhead. 
       Both:     29.91 MB capacity,    29.14 MB ( 97%) used,   717.15 KB (  2%) free+waste,    77.94 KB ( <1%) overhead. 

Virtual space:
  Non-class space:       28.00 MB reserved,      26.50 MB ( 95%) committed 
      Class space:        1.00 GB reserved,       3.62 MB ( <1%) committed 
             Both:        1.03 GB reserved,      30.12 MB (  3%) committed 

Chunk freelists:
   Non-Class:  5.38 KB
       Class:  1.75 KB
        Both:  7.12 KB

CodeHeap 'non-profiled nmethods': size=120000Kb used=1557Kb max_used=1557Kb free=118442Kb
 bounds [0x0000023f63940000, 0x0000023f63bb0000, 0x0000023f6ae70000]
CodeHeap 'profiled nmethods': size=120000Kb used=7698Kb max_used=7698Kb free=112301Kb
 bounds [0x0000023f5c410000, 0x0000023f5cba0000, 0x0000023f63940000]
CodeHeap 'non-nmethods': size=5760Kb used=1134Kb max_used=1165Kb free=4625Kb
 bounds [0x0000023f5be70000, 0x0000023f5c0e0000, 0x0000023f5c410000]
 total_blobs=4049 nmethods=3597 adapters=363
 compilation: enabled
              stopped_count=0, restarted_count=0
 full_count=0

Compilation events (10 events):
Event: 2.393 Thread 0x0000023f72f62800 nmethod 3565 0x0000023f63ac2e10 code [0x0000023f63ac2f80, 0x0000023f63ac2fd8]
Event: 2.399 Thread 0x0000023f734a2800 3566       4       java.lang.String::regionMatches (187 bytes)
Event: 2.401 Thread 0x0000023f734a2800 nmethod 3566 0x0000023f63ac3090 code [0x0000023f63ac3220, 0x0000023f63ac34f8]
Event: 2.402 Thread 0x0000023f72f66000 3567   !   3       jdk.internal.jimage.BasicImageReader::getResourceBuffer (201 bytes)
Event: 2.404 Thread 0x0000023f72f66000 nmethod 3567 0x0000023f5cb81010 code [0x0000023f5cb81480, 0x0000023f5cb83338]
Event: 2.446 Thread 0x0000023f72f66000 3568   !   3       jdk.internal.jimage.BasicImageReader::readBuffer (232 bytes)
Event: 2.447 Thread 0x0000023f72f66000 nmethod 3568 0x0000023f5cb84090 code [0x0000023f5cb84400, 0x0000023f5cb85978]
Event: 2.466 Thread 0x0000023f72f62800 3569   !   4       jdk.internal.loader.BuiltinClassLoader::loadClassOrNull (143 bytes)
Event: 2.478 Thread 0x0000023f734a2800 3570       4       java.util.HashMap::get (23 bytes)
Event: 2.481 Thread 0x0000023f734a2800 nmethod 3570 0x0000023f63ac3790 code [0x0000023f63ac3920, 0x0000023f63ac3bb8]

GC Heap History (4 events):
Event: 0.530 GC heap before
{Heap before GC invocations=0 (full 0):
 garbage-first heap   total 129024K, used 23552K [0x0000000083600000, 0x0000000100000000)
  region size 1024K, 24 young (24576K), 0 survivors (0K)
 Metaspace       used 13126K, capacity 13334K, committed 13568K, reserved 1060864K
  class space    used 1356K, capacity 1449K, committed 1536K, reserved 1048576K
}
Event: 0.534 GC heap after
{Heap after GC invocations=1 (full 0):
 garbage-first heap   total 129024K, used 3643K [0x0000000083600000, 0x0000000100000000)
  region size 1024K, 3 young (3072K), 3 survivors (3072K)
 Metaspace       used 13126K, capacity 13334K, committed 13568K, reserved 1060864K
  class space    used 1356K, capacity 1449K, committed 1536K, reserved 1048576K
}
Event: 1.414 GC heap before
{Heap before GC invocations=1 (full 0):
 garbage-first heap   total 129024K, used 59963K [0x0000000083600000, 0x0000000100000000)
  region size 1024K, 59 young (60416K), 3 survivors (3072K)
 Metaspace       used 20804K, capacity 21144K, committed 21248K, reserved 1069056K
  class space    used 2324K, capacity 2465K, committed 2560K, reserved 1048576K
}
Event: 1.421 GC heap after
{Heap after GC invocations=2 (full 0):
 garbage-first heap   total 129024K, used 6995K [0x0000000083600000, 0x0000000100000000)
  region size 1024K, 7 young (7168K), 7 survivors (7168K)
 Metaspace       used 20804K, capacity 21144K, committed 21248K, reserved 1069056K
  class space    used 2324K, capacity 2465K, committed 2560K, reserved 1048576K
}

Deoptimization events (10 events):
Event: 1.902 Thread 0x0000023f547ae000 Uncommon trap: reason=array_check action=maybe_recompile pc=0x0000023f63a79fa0 method=java.util.AbstractCollection.toArray([Ljava/lang/Object;)[Ljava/lang/Object; @ 116 c2
Event: 1.902 Thread 0x0000023f547ae000 Uncommon trap: reason=array_check action=maybe_recompile pc=0x0000023f63a79fa0 method=java.util.AbstractCollection.toArray([Ljava/lang/Object;)[Ljava/lang/Object; @ 116 c2
Event: 1.902 Thread 0x0000023f547ae000 Uncommon trap: reason=array_check action=maybe_recompile pc=0x0000023f63a79fa0 method=java.util.AbstractCollection.toArray([Ljava/lang/Object;)[Ljava/lang/Object; @ 116 c2
Event: 1.902 Thread 0x0000023f547ae000 Uncommon trap: reason=array_check action=maybe_recompile pc=0x0000023f63a79fa0 method=java.util.AbstractCollection.toArray([Ljava/lang/Object;)[Ljava/lang/Object; @ 116 c2
Event: 1.994 Thread 0x0000023f547ae000 Uncommon trap: reason=unstable_if action=reinterpret pc=0x0000023f63a830c0 method=org.apache.maven.model.io.xpp3.MavenXpp3Reader.nextTag(Lorg/codehaus/plexus/util/xml/pull/XmlPullParser;)I @ 9 c2
Event: 2.062 Thread 0x0000023f547ae000 Uncommon trap: reason=profile_predicate action=maybe_recompile pc=0x0000023f63a98aa0 method=java.util.regex.Pattern$CharPropertyGreedy.match(Ljava/util/regex/Matcher;ILjava/lang/CharSequence;)Z @ 12 c2
Event: 2.062 Thread 0x0000023f547ae000 Uncommon trap: reason=profile_predicate action=maybe_recompile pc=0x0000023f63a98aa0 method=java.util.regex.Pattern$CharPropertyGreedy.match(Ljava/util/regex/Matcher;ILjava/lang/CharSequence;)Z @ 12 c2
Event: 2.062 Thread 0x0000023f547ae000 Uncommon trap: reason=profile_predicate action=maybe_recompile pc=0x0000023f63a98aa0 method=java.util.regex.Pattern$CharPropertyGreedy.match(Ljava/util/regex/Matcher;ILjava/lang/CharSequence;)Z @ 12 c2
Event: 2.062 Thread 0x0000023f547ae000 Uncommon trap: reason=profile_predicate action=maybe_recompile pc=0x0000023f63a98aa0 method=java.util.regex.Pattern$CharPropertyGreedy.match(Ljava/util/regex/Matcher;ILjava/lang/CharSequence;)Z @ 12 c2
Event: 2.151 Thread 0x0000023f547ae000 Uncommon trap: reason=unstable_if action=reinterpret pc=0x0000023f63997b44 method=java.nio.Buffer.limit(I)Ljava/nio/Buffer; @ 42 c2

Classes redefined (0 events):
No events

Internal exceptions (10 events):
Event: 1.861 Thread 0x0000023f547ae000 Exception <a 'java/lang/NoSuchMethodError'{0x0000000089bcd4a8}: java.lang.invoke.DirectMethodHandle$Holder.invokeVirtual(Ljava/lang/Object;Ljava/lang/Object;Ljava/lang/Object;)Ljava/lang/Object;> (0x0000000089bcd4a8) thrown at [./open/src/hotspot/share/in
Event: 1.861 Thread 0x0000023f547ae000 Exception <a 'java/lang/NoSuchMethodError'{0x0000000089bd4148}: java.lang.invoke.DirectMethodHandle$Holder.invokeSpecial(Ljava/lang/Object;Ljava/lang/Object;Ljava/lang/Object;Ljava/lang/Object;Ljava/lang/Object;Ljava/lang/Object;)V> (0x0000000089bd4148) t
Event: 1.862 Thread 0x0000023f547ae000 Exception <a 'java/lang/NoSuchMethodError'{0x0000000089bdf2a0}: java.lang.invoke.DirectMethodHandle$Holder.invokeVirtual(Ljava/lang/Object;Ljava/lang/Object;)I> (0x0000000089bdf2a0) thrown at [./open/src/hotspot/share/interpreter/linkResolver.cpp, line 77
Event: 2.332 Thread 0x0000023f547ae000 Exception <a 'sun/nio/fs/WindowsException'{0x0000000088a71198}> (0x0000000088a71198) thrown at [./open/src/hotspot/share/prims/jni.cpp, line 611]
Event: 2.333 Thread 0x0000023f547ae000 Exception <a 'sun/nio/fs/WindowsException'{0x0000000088a726c0}> (0x0000000088a726c0) thrown at [./open/src/hotspot/share/prims/jni.cpp, line 611]
Event: 2.333 Thread 0x0000023f547ae000 Exception <a 'sun/nio/fs/WindowsException'{0x0000000088a74810}> (0x0000000088a74810) thrown at [./open/src/hotspot/share/prims/jni.cpp, line 611]
Event: 2.334 Thread 0x0000023f547ae000 Exception <a 'sun/nio/fs/WindowsException'{0x0000000088a75848}> (0x0000000088a75848) thrown at [./open/src/hotspot/share/prims/jni.cpp, line 611]
Event: 2.345 Thread 0x0000023f547ae000 Exception <a 'sun/nio/fs/WindowsException'{0x0000000088aa9908}> (0x0000000088aa9908) thrown at [./open/src/hotspot/share/prims/jni.cpp, line 611]
Event: 2.346 Thread 0x0000023f547ae000 Exception <a 'sun/nio/fs/WindowsException'{0x0000000088aa9d28}> (0x0000000088aa9d28) thrown at [./open/src/hotspot/share/prims/jni.cpp, line 611]
Event: 2.346 Thread 0x0000023f547ae000 Exception <a 'java/lang/NoSuchMethodError'{0x0000000088ab1738}: java.lang.invoke.DirectMethodHandle$Holder.invokeVirtual(Ljava/lang/Object;Ljava/lang/Object;Ljava/lang/Object;)I> (0x0000000088ab1738) thrown at [./open/src/hotspot/share/interpreter/linkRes

Events (10 events):
Event: 2.494 loading class com/sun/tools/javac/code/Type
Event: 2.494 loading class com/sun/tools/javac/code/Type done
Event: 2.494 loading class com/sun/tools/javac/code/Type
Event: 2.494 loading class com/sun/tools/javac/code/Type done
Event: 2.498 loading class com/sun/tools/javac/tree/JCTree$JCImport
Event: 2.498 loading class com/sun/tools/javac/tree/JCTree$JCImport done
Event: 2.498 loading class com/sun/tools/javac/tree/JCTree$JCImport
Event: 2.498 loading class com/sun/tools/javac/tree/JCTree$JCImport done
Event: 2.498 loading class com/sun/tools/javac/comp/TypeEnter$ImportsPhase
Event: 2.498 loading class com/sun/tools/javac/comp/TypeEnter$ImportsPhase done


Dynamic libraries:
0x00007ff7f05f0000 - 0x00007ff7f0600000 	C:\Program Files\Java\jdk-11\bin\java.exe
0x00007fff8f890000 - 0x00007fff8faa7000 	C:\WINDOWS\SYSTEM32\ntdll.dll
0x00007fff85050000 - 0x00007fff85069000 	C:\Program Files\AVG\Antivirus\aswhook.dll
0x00007fff8e100000 - 0x00007fff8e1c4000 	C:\WINDOWS\System32\KERNEL32.DLL
0x00007fff8cc70000 - 0x00007fff8d016000 	C:\WINDOWS\System32\KERNELBASE.dll
0x00007fff8d400000 - 0x00007fff8d511000 	C:\WINDOWS\System32\ucrtbase.dll
0x00007fff75d30000 - 0x00007fff75d4b000 	C:\Program Files\Java\jdk-11\bin\VCRUNTIME140.dll
0x00007fff782d0000 - 0x00007fff782e9000 	C:\Program Files\Java\jdk-11\bin\jli.dll
0x00007fff8eff0000 - 0x00007fff8f0a3000 	C:\WINDOWS\System32\ADVAPI32.dll
0x00007fff8f200000 - 0x00007fff8f2a7000 	C:\WINDOWS\System32\msvcrt.dll
0x00007fff8ef30000 - 0x00007fff8efd8000 	C:\WINDOWS\System32\sechost.dll
0x00007fff8d260000 - 0x00007fff8d288000 	C:\WINDOWS\System32\bcrypt.dll
0x00007fff8f2b0000 - 0x00007fff8f3c7000 	C:\WINDOWS\System32\RPCRT4.dll
0x00007fff8e1d0000 - 0x00007fff8e37e000 	C:\WINDOWS\System32\USER32.dll
0x00007fff8d020000 - 0x00007fff8d046000 	C:\WINDOWS\System32\win32u.dll
0x00007fff64730000 - 0x00007fff649c3000 	C:\WINDOWS\WinSxS\amd64_microsoft.windows.common-controls_6595b64144ccf1df_6.0.22621.2506_none_270c5ae97388e100\COMCTL32.dll
0x00007fff8d6e0000 - 0x00007fff8d709000 	C:\WINDOWS\System32\GDI32.dll
0x00007fff8d050000 - 0x00007fff8d168000 	C:\WINDOWS\System32\gdi32full.dll
0x00007fff8cbd0000 - 0x00007fff8cc6a000 	C:\WINDOWS\System32\msvcp_win.dll
0x00007fff850b0000 - 0x00007fff850ba000 	C:\WINDOWS\SYSTEM32\VERSION.dll
0x00007fff8ed30000 - 0x00007fff8ed61000 	C:\WINDOWS\System32\IMM32.DLL
0x00007fff847d0000 - 0x00007fff847dc000 	C:\Program Files\Java\jdk-11\bin\vcruntime140_1.dll
0x00007fff4bc90000 - 0x00007fff4bd1e000 	C:\Program Files\Java\jdk-11\bin\msvcp140.dll
0x00007ffea72d0000 - 0x00007ffea7e3c000 	C:\Program Files\Java\jdk-11\bin\server\jvm.dll
0x00007fff8efe0000 - 0x00007fff8efe8000 	C:\WINDOWS\System32\PSAPI.DLL
0x00007fff7f380000 - 0x00007fff7f389000 	C:\WINDOWS\SYSTEM32\WSOCK32.dll
0x00007fff84470000 - 0x00007fff844a4000 	C:\WINDOWS\SYSTEM32\WINMM.dll
0x00007fff8eb20000 - 0x00007fff8eb91000 	C:\WINDOWS\System32\WS2_32.dll
0x00007fff8bcf0000 - 0x00007fff8bd08000 	C:\WINDOWS\SYSTEM32\kernel.appcore.dll
0x00007fff83d60000 - 0x00007fff83d70000 	C:\Program Files\Java\jdk-11\bin\verify.dll
0x00007fff89e10000 - 0x00007fff8a043000 	C:\WINDOWS\SYSTEM32\DBGHELP.DLL
0x00007fff8e460000 - 0x00007fff8e7e9000 	C:\WINDOWS\System32\combase.dll
0x00007fff8e380000 - 0x00007fff8e457000 	C:\WINDOWS\System32\OLEAUT32.dll
0x00007fff81e00000 - 0x00007fff81e32000 	C:\WINDOWS\SYSTEM32\dbgcore.DLL
0x00007fff8d1e0000 - 0x00007fff8d25a000 	C:\WINDOWS\System32\bcryptPrimitives.dll
0x00007fff6e6d0000 - 0x00007fff6e6f8000 	C:\Program Files\Java\jdk-11\bin\java.dll
0x00007fff81d40000 - 0x00007fff81d4a000 	C:\Program Files\Java\jdk-11\bin\jimage.dll
0x00007fff6e540000 - 0x00007fff6e557000 	C:\Program Files\Java\jdk-11\bin\zip.dll
0x00007fff8d710000 - 0x00007fff8df6a000 	C:\WINDOWS\System32\SHELL32.dll
0x00007fff8ab30000 - 0x00007fff8b426000 	C:\WINDOWS\SYSTEM32\windows.storage.dll
0x00007fff8a9f0000 - 0x00007fff8ab2e000 	C:\WINDOWS\SYSTEM32\wintypes.dll
0x00007fff8d5e0000 - 0x00007fff8d6d3000 	C:\WINDOWS\System32\SHCORE.dll
0x00007fff8ecd0000 - 0x00007fff8ed2e000 	C:\WINDOWS\System32\shlwapi.dll
0x00007fff8cb00000 - 0x00007fff8cb26000 	C:\WINDOWS\SYSTEM32\profapi.dll
0x00007fff6e480000 - 0x00007fff6e499000 	C:\Program Files\Java\jdk-11\bin\net.dll
0x00007fff857e0000 - 0x00007fff85917000 	C:\WINDOWS\SYSTEM32\WINHTTP.dll
0x00007fff8c170000 - 0x00007fff8c1d9000 	C:\WINDOWS\system32\mswsock.dll
0x00007fff6e350000 - 0x00007fff6e362000 	C:\Program Files\Java\jdk-11\bin\nio.dll
0x0000000069ac0000 - 0x0000000069ae4000 	C:\Program Files\NetBeans-19\netbeans\java\maven\lib\jansi-native\Windows\x86_64\jansi.dll

dbghelp: loaded successfully - version: 4.0.5 - missing functions: none
symbol engine: initialized successfully - sym options: 0x614 - pdb path: .;C:\Program Files\Java\jdk-11\bin;C:\WINDOWS\SYSTEM32;C:\Program Files\AVG\Antivirus;C:\WINDOWS\WinSxS\amd64_microsoft.windows.common-controls_6595b64144ccf1df_6.0.22621.2506_none_270c5ae97388e100;C:\Program Files\Java\jdk-11\bin\server;C:\Program Files\NetBeans-19\netbeans\java\maven\lib\jansi-native\Windows\x86_64

VM Arguments:
jvm_args: -Dclassworlds.conf=C:\Program Files\NetBeans-19\netbeans\java\maven\bin\m2.conf -Dmaven.home=C:\Program Files\NetBeans-19\netbeans\java\maven -Dlibrary.jansi.path=C:\Program Files\NetBeans-19\netbeans\java\maven\lib\jansi-native -Dmaven.multiModuleProjectDirectory=C:\Users\aless\OneDrive\Desktop\OBJECT ORIENTED DESIGN & DEVELOPMENT\GroupProject_AD\GroupProject_AD 
java_command: org.codehaus.plexus.classworlds.launcher.Launcher -Dexec.vmArgs= -Dexec.args=${exec.vmArgs} -classpath %classpath ${exec.mainClass} ${exec.appArgs} -Dexec.executable=C:\Program Files\Java\jdk-11\bin\java.exe -Dexec.mainClass=GroupProject_AD.GroupProject_AD -Dexec.classpathScope=runtime -Dexec.appArgs= -Dmaven.ext.class.path=C:\Program Files\NetBeans-19\netbeans\java\maven-nblib\netbeans-eventspy.jar -Dfile.encoding=UTF-8 --no-transfer-progress process-classes org.codehaus.mojo:exec-maven-plugin:3.1.0:exec
java_class_path (initial): C:\Program Files\NetBeans-19\netbeans\java\maven\boot\plexus-classworlds-2.7.0.jar
Launcher Type: SUN_STANDARD

[Global flags]
     intx CICompilerCount                          = 4                                         {product} {ergonomic}
     uint ConcGCThreads                            = 2                                         {product} {ergonomic}
     uint G1ConcRefinementThreads                  = 8                                         {product} {ergonomic}
   size_t G1HeapRegionSize                         = 1048576                                   {product} {ergonomic}
    uintx GCDrainStackTargetSize                   = 64                                        {product} {ergonomic}
   size_t InitialHeapSize                          = 132120576                                 {product} {ergonomic}
   size_t MarkStackSize                            = 4194304                                   {product} {ergonomic}
   size_t MaxHeapSize                              = 2090860544                                {product} {ergonomic}
   size_t MaxNewSize                               = 1254096896                                {product} {ergonomic}
   size_t MinHeapDeltaBytes                        = 1048576                                   {product} {ergonomic}
    uintx NonNMethodCodeHeapSize                   = 5836300                                {pd product} {ergonomic}
    uintx NonProfiledCodeHeapSize                  = 122910970                              {pd product} {ergonomic}
    uintx ProfiledCodeHeapSize                     = 122910970                              {pd product} {ergonomic}
    uintx ReservedCodeCacheSize                    = 251658240                              {pd product} {ergonomic}
     bool SegmentedCodeCache                       = true                                      {product} {ergonomic}
     bool UseCompressedClassPointers               = true                                 {lp64_product} {ergonomic}
     bool UseCompressedOops                        = true                                 {lp64_product} {ergonomic}
     bool UseG1GC                                  = true                                      {product} {ergonomic}
     bool UseLargePagesIndividualAllocation        = false                                  {pd product} {ergonomic}

Logging:
Log output configuration:
 #0: stdout all=warning uptime,level,tags
 #1: stderr all=off uptime,level,tags

Environment Variables:
JAVA_HOME=C:\Program Files\Java\jdk-11
PATH=C:\Program Files (x86)\VMware\VMware Player\bin\;C:\Program Files\Common Files\Oracle\Java\javapath;C:\Program Files (x86)\Common Files\Oracle\Java\javapath;C:\Program Files (x86)\Common Files\Intel\Shared Libraries\redist\intel64\compiler;C:\WINDOWS\system32;C:\WINDOWS;C:\WINDOWS\System32\Wbem;C:\WINDOWS\System32\WindowsPowerShell\v1.0\;C:\WINDOWS\System32\OpenSSH\;C:\Program Files\nodejs\;C:\Program Files\Git\cmd;C:\Program Files\RedHat\java-17-openjdk-17.0.8.1.1-2.jre\bin;C:\Users\aless\AppData\Local\Programs\Python\Python311\Scripts\;C:\Users\aless\AppData\Local\Programs\Python\Python311\;C:\Users\aless\AppData\Local\Microsoft\WindowsApps;;C:\Users\aless\AppData\Local\Programs\Microsoft VS Code\bin;C:\Users\aless\AppData\Roaming\npm
USERNAME=aless
OS=Windows_NT
PROCESSOR_IDENTIFIER=Intel64 Family 6 Model 140 Stepping 1, GenuineIntel



---------------  S Y S T E M  ---------------

OS: Windows 11 , 64 bit Build 22621 (10.0.22621.2506)

CPU:total 8 (initial active 8) (4 cores per cpu, 2 threads per core) family 6 model 140 stepping 1 microcode 0x8a, cmov, cx8, fxsr, mmx, sse, sse2, sse3, ssse3, sse4.1, sse4.2, popcnt, avx, avx2, aes, clmul, erms, 3dnowpref, lzcnt, ht, tsc, tscinvbit, bmi1, bmi2, adx, evex, sha, fma

Memory: 4k page, system-wide physical 7975M (289M free)
TotalPageFile size 32551M (AvailPageFile size 0M)
current process WorkingSet (physical memory assigned to process): 170M, peak: 170M
current process commit charge ("private bytes"): 266M, peak: 266M

vm_info: Java HotSpot(TM) 64-Bit Server VM (11.0.19+9-LTS-224) for windows-amd64 JRE (11.0.19+9-LTS-224), built on Mar 27 2023 08:48:55 by "mach5one" with MS VC++ 17.1 (VS2022)

END.
