#
# There is insufficient memory for the Java Runtime Environment to continue.
# Native memory allocation (malloc) failed to allocate 1250256 bytes for Chunk::new
# Possible reasons:
#   The system is out of physical RAM or swap space
#   The process is running with CompressedOops enabled, and the Java Heap may be blocking the growth of the native heap
# Possible solutions:
#   Reduce memory load on the system
#   Increase physical memory or swap space
#   Check if swap backing store is full
#   Decrease Java heap size (-Xmx/-Xms)
#   Decrease number of Java threads
#   Decrease Java thread stack sizes (-Xss)
#   Set larger code cache with -XX:ReservedCodeCacheSize=
#   JVM is running with Unscaled Compressed Oops mode in which the Java heap is
#     placed in the first 4GB address space. The Java Heap base address is the
#     maximum limit for the native heap growth. Please use -XX:HeapBaseMinAddress
#     to set the Java Heap base and to place the Java Heap above 4GB virtual address.
# This output file may be truncated or incomplete.
#
#  Out of Memory Error (./open/src/hotspot/share/memory/arena.cpp:197), pid=35108, tid=1324
#
# JRE version: Java(TM) SE Runtime Environment 18.9 (11.0.19+9) (build 11.0.19+9-LTS-224)
# Java VM: Java HotSpot(TM) 64-Bit Server VM 18.9 (11.0.19+9-LTS-224, mixed mode, tiered, compressed oops, g1 gc, windows-amd64)
# No core dump will be written. Minidumps are not enabled by default on client versions of Windows
#

---------------  S U M M A R Y ------------

Command Line: -Dclassworlds.conf=C:\Program Files\NetBeans-19\netbeans\java\maven\bin\m2.conf -Dmaven.home=C:\Program Files\NetBeans-19\netbeans\java\maven -Dlibrary.jansi.path=C:\Program Files\NetBeans-19\netbeans\java\maven\lib\jansi-native -Dmaven.multiModuleProjectDirectory=C:\Users\aless\OneDrive\Desktop\OBJECT ORIENTED DESIGN & DEVELOPMENT\GroupProject_AD\GroupProject_AD org.codehaus.plexus.classworlds.launcher.Launcher -Dexec.vmArgs= -Dexec.args=${exec.vmArgs} -classpath %classpath ${exec.mainClass} ${exec.appArgs} -Dexec.executable=C:\Program Files\Java\jdk-11\bin\java.exe -Dexec.mainClass=GroupProject_AD.GroupProject_AD -Dexec.classpathScope=runtime -Dexec.appArgs= -Dmaven.ext.class.path=C:\Program Files\NetBeans-19\netbeans\java\maven-nblib\netbeans-eventspy.jar -Dfile.encoding=UTF-8 --no-transfer-progress process-classes org.codehaus.mojo:exec-maven-plugin:3.1.0:exec

Host: 11th Gen Intel(R) Core(TM) i5-1135G7 @ 2.40GHz, 8 cores, 7G,  Windows 11 , 64 bit Build 22621 (10.0.22621.2506)
Time: Sat Jan 27 17:23:18 2024 GMT Standard Time elapsed time: 1.399934 seconds (0d 0h 0m 1s)

---------------  T H R E A D  ---------------

Current thread (0x00000209ff5bb000):  JavaThread "C2 CompilerThread0" daemon [_thread_in_native, id=1324, stack(0x0000007455400000,0x0000007455500000)]


Current CompileTask:
C2:   1400 1766   !   4       java.net.URL::<init> (543 bytes)

Stack: [0x0000007455400000,0x0000007455500000]
Native frames: (J=compiled Java code, j=interpreted, Vv=VM code, C=native code)
V  [jvm.dll+0x65fe1a]
V  [jvm.dll+0x7a2bbf]
V  [jvm.dll+0x7a4289]
V  [jvm.dll+0x7a4923]
V  [jvm.dll+0x258a25]
V  [jvm.dll+0xb29cc]
V  [jvm.dll+0xb2f8c]
V  [jvm.dll+0x367121]
V  [jvm.dll+0x1a25f4]
V  [jvm.dll+0x21187d]
V  [jvm.dll+0x2106f8]
V  [jvm.dll+0x18c841]
V  [jvm.dll+0x220989]
V  [jvm.dll+0x21ecac]
V  [jvm.dll+0x766921]
V  [jvm.dll+0x75f2e4]
V  [jvm.dll+0x65ecc5]
C  [ucrtbase.dll+0x29363]
C  [KERNEL32.DLL+0x1257d]
C  [ntdll.dll+0x5aa58]


---------------  P R O C E S S  ---------------

Threads class SMR info:
_java_thread_list=0x00000209ff7670c0, length=10, elements={
0x00000209f3d2b000, 0x00000209fec94800, 0x00000209fec9d800, 0x00000209fecae000,
0x00000209ff605800, 0x00000209ff606800, 0x00000209ff5bb000, 0x00000209ff5bc800,
0x00000209ff5be000, 0x00000209ff786000
}

Java Threads: ( => current thread )
  0x00000209f3d2b000 JavaThread "main" [_thread_in_Java, id=45984, stack(0x0000007454800000,0x0000007454900000)]
  0x00000209fec94800 JavaThread "Reference Handler" daemon [_thread_blocked, id=16724, stack(0x0000007454f00000,0x0000007455000000)]
  0x00000209fec9d800 JavaThread "Finalizer" daemon [_thread_blocked, id=20108, stack(0x0000007455000000,0x0000007455100000)]
  0x00000209fecae000 JavaThread "Signal Dispatcher" daemon [_thread_blocked, id=26604, stack(0x0000007455100000,0x0000007455200000)]
  0x00000209ff605800 JavaThread "Attach Listener" daemon [_thread_blocked, id=8988, stack(0x0000007455200000,0x0000007455300000)]
  0x00000209ff606800 JavaThread "Service Thread" daemon [_thread_blocked, id=43916, stack(0x0000007455300000,0x0000007455400000)]
=>0x00000209ff5bb000 JavaThread "C2 CompilerThread0" daemon [_thread_in_native, id=1324, stack(0x0000007455400000,0x0000007455500000)]
  0x00000209ff5bc800 JavaThread "C1 CompilerThread0" daemon [_thread_blocked, id=19364, stack(0x0000007455500000,0x0000007455600000)]
  0x00000209ff5be000 JavaThread "Sweeper thread" daemon [_thread_blocked, id=22188, stack(0x0000007455600000,0x0000007455700000)]
  0x00000209ff786000 JavaThread "Common-Cleaner" daemon [_thread_blocked, id=42476, stack(0x0000007455800000,0x0000007455900000)]

Other Threads:
  0x00000209fec72800 VMThread "VM Thread" [stack: 0x0000007454e00000,0x0000007454f00000] [id=32008]
  0x00000209ff773000 WatcherThread [stack: 0x0000007455700000,0x0000007455800000] [id=40824]
  0x00000209f3d3f000 GCTaskThread "GC Thread#0" [stack: 0x0000007454900000,0x0000007454a00000] [id=31896]
  0x0000020993505000 GCTaskThread "GC Thread#1" [stack: 0x0000007455900000,0x0000007455a00000] [id=20780]
  0x0000020993505800 GCTaskThread "GC Thread#2" [stack: 0x0000007455a00000,0x0000007455b00000] [id=29848]
  0x00000209f3d70800 ConcurrentGCThread "G1 Main Marker" [stack: 0x0000007454a00000,0x0000007454b00000] [id=40688]
  0x00000209f3d72000 ConcurrentGCThread "G1 Conc#0" [stack: 0x0000007454b00000,0x0000007454c00000] [id=37588]
  0x00000209f3dee000 ConcurrentGCThread "G1 Refine#0" [stack: 0x0000007454c00000,0x0000007454d00000] [id=22560]
  0x00000209feada800 ConcurrentGCThread "G1 Young RemSet Sampling" [stack: 0x0000007454d00000,0x0000007454e00000] [id=37676]

Threads with active compile tasks:
C2 CompilerThread0     1437 1766   !   4       java.net.URL::<init> (543 bytes)

VM state:not at safepoint (normal execution)

VM Mutex/Monitor currently owned by a thread: None

Heap address: 0x0000000083600000, size: 1994 MB, Compressed Oops mode: 32-bit
Narrow klass base: 0x0000000000000000, Narrow klass shift: 3
Compressed class space size: 1073741824 Address: 0x0000000100000000

Heap:
 garbage-first heap   total 129024K, used 54852K [0x0000000083600000, 0x0000000100000000)
  region size 1024K, 54 young (55296K), 3 survivors (3072K)
 Metaspace       used 19903K, capacity 20251K, committed 20352K, reserved 1067008K
  class space    used 2227K, capacity 2359K, committed 2432K, reserved 1048576K
Heap Regions: E=young(eden), S=young(survivor), O=old, HS=humongous(starts), HC=humongous(continues), CS=collection set, F=free, A=archive, TAMS=top-at-mark-start (previous, next)
|   0|0x0000000083600000, 0x0000000083691000, 0x0000000083700000| 56%| O|  |TAMS 0x0000000083600000, 0x0000000083600000| Untracked 
|   1|0x0000000083700000, 0x0000000083700000, 0x0000000083800000|  0%| F|  |TAMS 0x0000000083700000, 0x0000000083700000| Untracked 
|   2|0x0000000083800000, 0x0000000083800000, 0x0000000083900000|  0%| F|  |TAMS 0x0000000083800000, 0x0000000083800000| Untracked 
|   3|0x0000000083900000, 0x0000000083900000, 0x0000000083a00000|  0%| F|  |TAMS 0x0000000083900000, 0x0000000083900000| Untracked 
|   4|0x0000000083a00000, 0x0000000083a00000, 0x0000000083b00000|  0%| F|  |TAMS 0x0000000083a00000, 0x0000000083a00000| Untracked 
|   5|0x0000000083b00000, 0x0000000083b00000, 0x0000000083c00000|  0%| F|  |TAMS 0x0000000083b00000, 0x0000000083b00000| Untracked 
|   6|0x0000000083c00000, 0x0000000083c00000, 0x0000000083d00000|  0%| F|  |TAMS 0x0000000083c00000, 0x0000000083c00000| Untracked 
|   7|0x0000000083d00000, 0x0000000083d00000, 0x0000000083e00000|  0%| F|  |TAMS 0x0000000083d00000, 0x0000000083d00000| Untracked 
|   8|0x0000000083e00000, 0x0000000083e00000, 0x0000000083f00000|  0%| F|  |TAMS 0x0000000083e00000, 0x0000000083e00000| Untracked 
|   9|0x0000000083f00000, 0x0000000083f00000, 0x0000000084000000|  0%| F|  |TAMS 0x0000000083f00000, 0x0000000083f00000| Untracked 
|  10|0x0000000084000000, 0x0000000084000000, 0x0000000084100000|  0%| F|  |TAMS 0x0000000084000000, 0x0000000084000000| Untracked 
|  11|0x0000000084100000, 0x0000000084100000, 0x0000000084200000|  0%| F|  |TAMS 0x0000000084100000, 0x0000000084100000| Untracked 
|  12|0x0000000084200000, 0x0000000084200000, 0x0000000084300000|  0%| F|  |TAMS 0x0000000084200000, 0x0000000084200000| Untracked 
|  13|0x0000000084300000, 0x0000000084300000, 0x0000000084400000|  0%| F|  |TAMS 0x0000000084300000, 0x0000000084300000| Untracked 
|  14|0x0000000084400000, 0x0000000084400000, 0x0000000084500000|  0%| F|  |TAMS 0x0000000084400000, 0x0000000084400000| Untracked 
|  15|0x0000000084500000, 0x0000000084500000, 0x0000000084600000|  0%| F|  |TAMS 0x0000000084500000, 0x0000000084500000| Untracked 
|  16|0x0000000084600000, 0x0000000084600000, 0x0000000084700000|  0%| F|  |TAMS 0x0000000084600000, 0x0000000084600000| Untracked 
|  17|0x0000000084700000, 0x0000000084700000, 0x0000000084800000|  0%| F|  |TAMS 0x0000000084700000, 0x0000000084700000| Untracked 
|  18|0x0000000084800000, 0x0000000084800000, 0x0000000084900000|  0%| F|  |TAMS 0x0000000084800000, 0x0000000084800000| Untracked 
|  19|0x0000000084900000, 0x0000000084900000, 0x0000000084a00000|  0%| F|  |TAMS 0x0000000084900000, 0x0000000084900000| Untracked 
|  20|0x0000000084a00000, 0x0000000084a00000, 0x0000000084b00000|  0%| F|  |TAMS 0x0000000084a00000, 0x0000000084a00000| Untracked 
|  21|0x0000000084b00000, 0x0000000084b00000, 0x0000000084c00000|  0%| F|  |TAMS 0x0000000084b00000, 0x0000000084b00000| Untracked 
|  22|0x0000000084c00000, 0x0000000084c00000, 0x0000000084d00000|  0%| F|  |TAMS 0x0000000084c00000, 0x0000000084c00000| Untracked 
|  23|0x0000000084d00000, 0x0000000084d00000, 0x0000000084e00000|  0%| F|  |TAMS 0x0000000084d00000, 0x0000000084d00000| Untracked 
|  24|0x0000000084e00000, 0x0000000084e00000, 0x0000000084f00000|  0%| F|  |TAMS 0x0000000084e00000, 0x0000000084e00000| Untracked 
|  25|0x0000000084f00000, 0x0000000084f00000, 0x0000000085000000|  0%| F|  |TAMS 0x0000000084f00000, 0x0000000084f00000| Untracked 
|  26|0x0000000085000000, 0x0000000085000000, 0x0000000085100000|  0%| F|  |TAMS 0x0000000085000000, 0x0000000085000000| Untracked 
|  27|0x0000000085100000, 0x0000000085100000, 0x0000000085200000|  0%| F|  |TAMS 0x0000000085100000, 0x0000000085100000| Untracked 
|  28|0x0000000085200000, 0x0000000085200000, 0x0000000085300000|  0%| F|  |TAMS 0x0000000085200000, 0x0000000085200000| Untracked 
|  29|0x0000000085300000, 0x0000000085300000, 0x0000000085400000|  0%| F|  |TAMS 0x0000000085300000, 0x0000000085300000| Untracked 
|  30|0x0000000085400000, 0x0000000085400000, 0x0000000085500000|  0%| F|  |TAMS 0x0000000085400000, 0x0000000085400000| Untracked 
|  31|0x0000000085500000, 0x0000000085500000, 0x0000000085600000|  0%| F|  |TAMS 0x0000000085500000, 0x0000000085500000| Untracked 
|  32|0x0000000085600000, 0x0000000085600000, 0x0000000085700000|  0%| F|  |TAMS 0x0000000085600000, 0x0000000085600000| Untracked 
|  33|0x0000000085700000, 0x0000000085700000, 0x0000000085800000|  0%| F|  |TAMS 0x0000000085700000, 0x0000000085700000| Untracked 
|  34|0x0000000085800000, 0x0000000085800000, 0x0000000085900000|  0%| F|  |TAMS 0x0000000085800000, 0x0000000085800000| Untracked 
|  35|0x0000000085900000, 0x0000000085900000, 0x0000000085a00000|  0%| F|  |TAMS 0x0000000085900000, 0x0000000085900000| Untracked 
|  36|0x0000000085a00000, 0x0000000085a00000, 0x0000000085b00000|  0%| F|  |TAMS 0x0000000085a00000, 0x0000000085a00000| Untracked 
|  37|0x0000000085b00000, 0x0000000085b00000, 0x0000000085c00000|  0%| F|  |TAMS 0x0000000085b00000, 0x0000000085b00000| Untracked 
|  38|0x0000000085c00000, 0x0000000085c00000, 0x0000000085d00000|  0%| F|  |TAMS 0x0000000085c00000, 0x0000000085c00000| Untracked 
|  39|0x0000000085d00000, 0x0000000085d00000, 0x0000000085e00000|  0%| F|  |TAMS 0x0000000085d00000, 0x0000000085d00000| Untracked 
|  40|0x0000000085e00000, 0x0000000085e00000, 0x0000000085f00000|  0%| F|  |TAMS 0x0000000085e00000, 0x0000000085e00000| Untracked 
|  41|0x0000000085f00000, 0x0000000085f00000, 0x0000000086000000|  0%| F|  |TAMS 0x0000000085f00000, 0x0000000085f00000| Untracked 
|  42|0x0000000086000000, 0x0000000086000000, 0x0000000086100000|  0%| F|  |TAMS 0x0000000086000000, 0x0000000086000000| Untracked 
|  43|0x0000000086100000, 0x0000000086100000, 0x0000000086200000|  0%| F|  |TAMS 0x0000000086100000, 0x0000000086100000| Untracked 
|  44|0x0000000086200000, 0x0000000086200000, 0x0000000086300000|  0%| F|  |TAMS 0x0000000086200000, 0x0000000086200000| Untracked 
|  45|0x0000000086300000, 0x0000000086300000, 0x0000000086400000|  0%| F|  |TAMS 0x0000000086300000, 0x0000000086300000| Untracked 
|  46|0x0000000086400000, 0x0000000086400000, 0x0000000086500000|  0%| F|  |TAMS 0x0000000086400000, 0x0000000086400000| Untracked 
|  47|0x0000000086500000, 0x0000000086500000, 0x0000000086600000|  0%| F|  |TAMS 0x0000000086500000, 0x0000000086500000| Untracked 
|  48|0x0000000086600000, 0x0000000086600000, 0x0000000086700000|  0%| F|  |TAMS 0x0000000086600000, 0x0000000086600000| Untracked 
|  49|0x0000000086700000, 0x0000000086700000, 0x0000000086800000|  0%| F|  |TAMS 0x0000000086700000, 0x0000000086700000| Untracked 
|  50|0x0000000086800000, 0x0000000086800000, 0x0000000086900000|  0%| F|  |TAMS 0x0000000086800000, 0x0000000086800000| Untracked 
|  51|0x0000000086900000, 0x0000000086900000, 0x0000000086a00000|  0%| F|  |TAMS 0x0000000086900000, 0x0000000086900000| Untracked 
|  52|0x0000000086a00000, 0x0000000086a00000, 0x0000000086b00000|  0%| F|  |TAMS 0x0000000086a00000, 0x0000000086a00000| Untracked 
|  53|0x0000000086b00000, 0x0000000086b00000, 0x0000000086c00000|  0%| F|  |TAMS 0x0000000086b00000, 0x0000000086b00000| Untracked 
|  54|0x0000000086c00000, 0x0000000086c00000, 0x0000000086d00000|  0%| F|  |TAMS 0x0000000086c00000, 0x0000000086c00000| Untracked 
|  55|0x0000000086d00000, 0x0000000086d00000, 0x0000000086e00000|  0%| F|  |TAMS 0x0000000086d00000, 0x0000000086d00000| Untracked 
|  56|0x0000000086e00000, 0x0000000086e00000, 0x0000000086f00000|  0%| F|  |TAMS 0x0000000086e00000, 0x0000000086e00000| Untracked 
|  57|0x0000000086f00000, 0x0000000086f00000, 0x0000000087000000|  0%| F|  |TAMS 0x0000000086f00000, 0x0000000086f00000| Untracked 
|  58|0x0000000087000000, 0x0000000087000000, 0x0000000087100000|  0%| F|  |TAMS 0x0000000087000000, 0x0000000087000000| Untracked 
|  59|0x0000000087100000, 0x0000000087100000, 0x0000000087200000|  0%| F|  |TAMS 0x0000000087100000, 0x0000000087100000| Untracked 
|  60|0x0000000087200000, 0x0000000087200000, 0x0000000087300000|  0%| F|  |TAMS 0x0000000087200000, 0x0000000087200000| Untracked 
|  61|0x0000000087300000, 0x0000000087300000, 0x0000000087400000|  0%| F|  |TAMS 0x0000000087300000, 0x0000000087300000| Untracked 
|  62|0x0000000087400000, 0x0000000087400000, 0x0000000087500000|  0%| F|  |TAMS 0x0000000087400000, 0x0000000087400000| Untracked 
|  63|0x0000000087500000, 0x0000000087500000, 0x0000000087600000|  0%| F|  |TAMS 0x0000000087500000, 0x0000000087500000| Untracked 
|  64|0x0000000087600000, 0x0000000087600000, 0x0000000087700000|  0%| F|  |TAMS 0x0000000087600000, 0x0000000087600000| Untracked 
|  65|0x0000000087700000, 0x0000000087700000, 0x0000000087800000|  0%| F|  |TAMS 0x0000000087700000, 0x0000000087700000| Untracked 
|  66|0x0000000087800000, 0x0000000087800000, 0x0000000087900000|  0%| F|  |TAMS 0x0000000087800000, 0x0000000087800000| Untracked 
|  67|0x0000000087900000, 0x0000000087900000, 0x0000000087a00000|  0%| F|  |TAMS 0x0000000087900000, 0x0000000087900000| Untracked 
|  68|0x0000000087a00000, 0x0000000087a00000, 0x0000000087b00000|  0%| F|  |TAMS 0x0000000087a00000, 0x0000000087a00000| Untracked 
|  69|0x0000000087b00000, 0x0000000087b00000, 0x0000000087c00000|  0%| F|  |TAMS 0x0000000087b00000, 0x0000000087b00000| Untracked 
|  70|0x0000000087c00000, 0x0000000087c00000, 0x0000000087d00000|  0%| F|  |TAMS 0x0000000087c00000, 0x0000000087c00000| Untracked 
|  71|0x0000000087d00000, 0x0000000087d00000, 0x0000000087e00000|  0%| F|  |TAMS 0x0000000087d00000, 0x0000000087d00000| Untracked 
|  72|0x0000000087e00000, 0x0000000087e80800, 0x0000000087f00000| 50%| E|  |TAMS 0x0000000087e00000, 0x0000000087e00000| Complete 
|  73|0x0000000087f00000, 0x0000000088000000, 0x0000000088000000|100%| E|CS|TAMS 0x0000000087f00000, 0x0000000087f00000| Complete 
|  74|0x0000000088000000, 0x0000000088100000, 0x0000000088100000|100%| E|CS|TAMS 0x0000000088000000, 0x0000000088000000| Complete 
|  75|0x0000000088100000, 0x0000000088200000, 0x0000000088200000|100%| E|CS|TAMS 0x0000000088100000, 0x0000000088100000| Complete 
|  76|0x0000000088200000, 0x0000000088300000, 0x0000000088300000|100%| E|CS|TAMS 0x0000000088200000, 0x0000000088200000| Complete 
|  77|0x0000000088300000, 0x0000000088400000, 0x0000000088400000|100%| E|CS|TAMS 0x0000000088300000, 0x0000000088300000| Complete 
|  78|0x0000000088400000, 0x0000000088500000, 0x0000000088500000|100%| E|CS|TAMS 0x0000000088400000, 0x0000000088400000| Complete 
|  79|0x0000000088500000, 0x0000000088600000, 0x0000000088600000|100%| E|CS|TAMS 0x0000000088500000, 0x0000000088500000| Complete 
|  80|0x0000000088600000, 0x0000000088700000, 0x0000000088700000|100%| E|CS|TAMS 0x0000000088600000, 0x0000000088600000| Complete 
|  81|0x0000000088700000, 0x0000000088800000, 0x0000000088800000|100%| E|CS|TAMS 0x0000000088700000, 0x0000000088700000| Complete 
|  82|0x0000000088800000, 0x0000000088900000, 0x0000000088900000|100%| E|CS|TAMS 0x0000000088800000, 0x0000000088800000| Complete 
|  83|0x0000000088900000, 0x0000000088a00000, 0x0000000088a00000|100%| E|CS|TAMS 0x0000000088900000, 0x0000000088900000| Complete 
|  84|0x0000000088a00000, 0x0000000088b00000, 0x0000000088b00000|100%| E|CS|TAMS 0x0000000088a00000, 0x0000000088a00000| Complete 
|  85|0x0000000088b00000, 0x0000000088c00000, 0x0000000088c00000|100%| E|CS|TAMS 0x0000000088b00000, 0x0000000088b00000| Complete 
|  86|0x0000000088c00000, 0x0000000088d00000, 0x0000000088d00000|100%| E|CS|TAMS 0x0000000088c00000, 0x0000000088c00000| Complete 
|  87|0x0000000088d00000, 0x0000000088e00000, 0x0000000088e00000|100%| E|CS|TAMS 0x0000000088d00000, 0x0000000088d00000| Complete 
|  88|0x0000000088e00000, 0x0000000088f00000, 0x0000000088f00000|100%| E|CS|TAMS 0x0000000088e00000, 0x0000000088e00000| Complete 
|  89|0x0000000088f00000, 0x0000000089000000, 0x0000000089000000|100%| E|CS|TAMS 0x0000000088f00000, 0x0000000088f00000| Complete 
|  90|0x0000000089000000, 0x0000000089100000, 0x0000000089100000|100%| E|CS|TAMS 0x0000000089000000, 0x0000000089000000| Complete 
|  91|0x0000000089100000, 0x0000000089200000, 0x0000000089200000|100%| E|CS|TAMS 0x0000000089100000, 0x0000000089100000| Complete 
|  92|0x0000000089200000, 0x0000000089300000, 0x0000000089300000|100%| E|CS|TAMS 0x0000000089200000, 0x0000000089200000| Complete 
|  93|0x0000000089300000, 0x0000000089400000, 0x0000000089400000|100%| E|CS|TAMS 0x0000000089300000, 0x0000000089300000| Complete 
|  94|0x0000000089400000, 0x0000000089500000, 0x0000000089500000|100%| E|CS|TAMS 0x0000000089400000, 0x0000000089400000| Complete 
|  95|0x0000000089500000, 0x0000000089600000, 0x0000000089600000|100%| E|CS|TAMS 0x0000000089500000, 0x0000000089500000| Complete 
|  96|0x0000000089600000, 0x0000000089700000, 0x0000000089700000|100%| E|CS|TAMS 0x0000000089600000, 0x0000000089600000| Complete 
|  97|0x0000000089700000, 0x0000000089800000, 0x0000000089800000|100%| E|CS|TAMS 0x0000000089700000, 0x0000000089700000| Complete 
|  98|0x0000000089800000, 0x0000000089900000, 0x0000000089900000|100%| E|CS|TAMS 0x0000000089800000, 0x0000000089800000| Complete 
|  99|0x0000000089900000, 0x0000000089a00000, 0x0000000089a00000|100%| S|CS|TAMS 0x0000000089900000, 0x0000000089900000| Complete 
| 100|0x0000000089a00000, 0x0000000089b00000, 0x0000000089b00000|100%| S|CS|TAMS 0x0000000089a00000, 0x0000000089a00000| Complete 
| 101|0x0000000089b00000, 0x0000000089c00000, 0x0000000089c00000|100%| S|CS|TAMS 0x0000000089b00000, 0x0000000089b00000| Complete 
| 102|0x0000000089c00000, 0x0000000089d00000, 0x0000000089d00000|100%| E|CS|TAMS 0x0000000089c00000, 0x0000000089c00000| Complete 
| 103|0x0000000089d00000, 0x0000000089e00000, 0x0000000089e00000|100%| E|CS|TAMS 0x0000000089d00000, 0x0000000089d00000| Complete 
| 104|0x0000000089e00000, 0x0000000089f00000, 0x0000000089f00000|100%| E|CS|TAMS 0x0000000089e00000, 0x0000000089e00000| Complete 
| 105|0x0000000089f00000, 0x000000008a000000, 0x000000008a000000|100%| E|CS|TAMS 0x0000000089f00000, 0x0000000089f00000| Complete 
| 106|0x000000008a000000, 0x000000008a100000, 0x000000008a100000|100%| E|CS|TAMS 0x000000008a000000, 0x000000008a000000| Complete 
| 107|0x000000008a100000, 0x000000008a200000, 0x000000008a200000|100%| E|CS|TAMS 0x000000008a100000, 0x000000008a100000| Complete 
| 108|0x000000008a200000, 0x000000008a300000, 0x000000008a300000|100%| E|CS|TAMS 0x000000008a200000, 0x000000008a200000| Complete 
| 109|0x000000008a300000, 0x000000008a400000, 0x000000008a400000|100%| E|CS|TAMS 0x000000008a300000, 0x000000008a300000| Complete 
| 110|0x000000008a400000, 0x000000008a500000, 0x000000008a500000|100%| E|CS|TAMS 0x000000008a400000, 0x000000008a400000| Complete 
| 111|0x000000008a500000, 0x000000008a600000, 0x000000008a600000|100%| E|CS|TAMS 0x000000008a500000, 0x000000008a500000| Complete 
| 112|0x000000008a600000, 0x000000008a700000, 0x000000008a700000|100%| E|CS|TAMS 0x000000008a600000, 0x000000008a600000| Complete 
| 113|0x000000008a700000, 0x000000008a800000, 0x000000008a800000|100%| E|CS|TAMS 0x000000008a700000, 0x000000008a700000| Complete 
| 114|0x000000008a800000, 0x000000008a900000, 0x000000008a900000|100%| E|CS|TAMS 0x000000008a800000, 0x000000008a800000| Complete 
| 115|0x000000008a900000, 0x000000008aa00000, 0x000000008aa00000|100%| E|CS|TAMS 0x000000008a900000, 0x000000008a900000| Complete 
| 116|0x000000008aa00000, 0x000000008ab00000, 0x000000008ab00000|100%| E|CS|TAMS 0x000000008aa00000, 0x000000008aa00000| Complete 
| 117|0x000000008ab00000, 0x000000008ac00000, 0x000000008ac00000|100%| E|CS|TAMS 0x000000008ab00000, 0x000000008ab00000| Complete 
| 118|0x000000008ac00000, 0x000000008ad00000, 0x000000008ad00000|100%| E|CS|TAMS 0x000000008ac00000, 0x000000008ac00000| Complete 
| 119|0x000000008ad00000, 0x000000008ae00000, 0x000000008ae00000|100%| E|CS|TAMS 0x000000008ad00000, 0x000000008ad00000| Complete 
| 120|0x000000008ae00000, 0x000000008af00000, 0x000000008af00000|100%| E|CS|TAMS 0x000000008ae00000, 0x000000008ae00000| Complete 
| 121|0x000000008af00000, 0x000000008b000000, 0x000000008b000000|100%| E|CS|TAMS 0x000000008af00000, 0x000000008af00000| Complete 
| 122|0x000000008b000000, 0x000000008b100000, 0x000000008b100000|100%| E|CS|TAMS 0x000000008b000000, 0x000000008b000000| Complete 
| 123|0x000000008b100000, 0x000000008b200000, 0x000000008b200000|100%| E|CS|TAMS 0x000000008b100000, 0x000000008b100000| Complete 
| 124|0x000000008b200000, 0x000000008b300000, 0x000000008b300000|100%| E|CS|TAMS 0x000000008b200000, 0x000000008b200000| Complete 
| 125|0x000000008b300000, 0x000000008b400000, 0x000000008b400000|100%| E|CS|TAMS 0x000000008b300000, 0x000000008b300000| Complete 

Card table byte_map: [0x00000209fbb20000,0x00000209fbf10000] _byte_map_base: 0x00000209fb705000

Marking Bits (Prev, Next): (CMBitMap*) 0x00000209f3d67db8, (CMBitMap*) 0x00000209f3d67df0
 Prev Bits: [0x00000209fc300000, 0x00000209fe228000)
 Next Bits: [0x000002098f000000, 0x0000020990f28000)

Polling page: 0x00000209f1c90000

Metaspace:

Usage:
  Non-class:     17.54 MB capacity,    17.29 MB ( 99%) used,   225.55 KB (  1%) free+waste,    27.44 KB ( <1%) overhead. 
      Class:      2.30 MB capacity,     2.18 MB ( 95%) used,   114.41 KB (  5%) free+waste,    11.94 KB ( <1%) overhead. 
       Both:     19.84 MB capacity,    19.47 MB ( 98%) used,   339.95 KB (  2%) free+waste,    39.38 KB ( <1%) overhead. 

Virtual space:
  Non-class space:       18.00 MB reserved,      17.75 MB ( 99%) committed 
      Class space:        1.00 GB reserved,       2.38 MB ( <1%) committed 
             Both:        1.02 GB reserved,      20.12 MB (  2%) committed 

Chunk freelists:
   Non-Class:  3.50 KB
       Class:  1.12 KB
        Both:  4.62 KB

CodeHeap 'non-profiled nmethods': size=120000Kb used=690Kb max_used=690Kb free=119309Kb
 bounds [0x0000020987ad0000, 0x0000020987d40000, 0x000002098f000000]
CodeHeap 'profiled nmethods': size=120000Kb used=4540Kb max_used=4540Kb free=115459Kb
 bounds [0x00000209805a0000, 0x0000020980a10000, 0x0000020987ad0000]
CodeHeap 'non-nmethods': size=5760Kb used=1114Kb max_used=1124Kb free=4645Kb
 bounds [0x0000020980000000, 0x0000020980270000, 0x00000209805a0000]
 total_blobs=2657 nmethods=2244 adapters=324
 compilation: enabled
              stopped_count=0, restarted_count=0
 full_count=0

Compilation events (10 events):
Event: 1.396 Thread 0x00000209ff5bc800 nmethod 2193 0x0000020987b79890 code [0x0000020987b79a20, 0x0000020987b79ad8]
Event: 1.396 Thread 0x00000209ff5bc800 2194       1       com.google.inject.internal.asm.$Handle::isInterface (5 bytes)
Event: 1.396 Thread 0x00000209ff5bc800 nmethod 2194 0x0000020987b79b90 code [0x0000020987b79d20, 0x0000020987b79dd8]
Event: 1.396 Thread 0x00000209ff5bc800 2195       3       java.util.TreeMap$KeySet::size (10 bytes)
Event: 1.397 Thread 0x00000209ff5bc800 nmethod 2195 0x00000209809f0e10 code [0x00000209809f0fc0, 0x00000209809f1188]
Event: 1.397 Thread 0x00000209ff5bc800 2196   !   3       java.lang.invoke.MethodHandleNatives::linkMethodHandleConstant (50 bytes)
Event: 1.397 Thread 0x00000209ff5bc800 nmethod 2196 0x00000209809f1290 code [0x00000209809f1460, 0x00000209809f1648]
Event: 1.397 Thread 0x00000209ff5bc800 2198       3       java.util.concurrent.TimeUnit::toNanos (45 bytes)
Event: 1.397 Thread 0x00000209ff5bc800 nmethod 2198 0x00000209809f1810 code [0x00000209809f19a0, 0x00000209809f1bb8]
Event: 1.398 Thread 0x00000209ff5bc800 2197       3       java.lang.invoke.MethodHandles$Lookup::linkMethodHandleConstant (220 bytes)

GC Heap History (2 events):
Event: 0.635 GC heap before
{Heap before GC invocations=0 (full 0):
 garbage-first heap   total 129024K, used 23552K [0x0000000083600000, 0x0000000100000000)
  region size 1024K, 24 young (24576K), 0 survivors (0K)
 Metaspace       used 13154K, capacity 13335K, committed 13568K, reserved 1060864K
  class space    used 1357K, capacity 1449K, committed 1536K, reserved 1048576K
}
Event: 0.640 GC heap after
{Heap after GC invocations=1 (full 0):
 garbage-first heap   total 129024K, used 3652K [0x0000000083600000, 0x0000000100000000)
  region size 1024K, 3 young (3072K), 3 survivors (3072K)
 Metaspace       used 13154K, capacity 13335K, committed 13568K, reserved 1060864K
  class space    used 1357K, capacity 1449K, committed 1536K, reserved 1048576K
}

Deoptimization events (10 events):
Event: 0.560 Thread 0x00000209f3d2b000 Uncommon trap: reason=class_check action=maybe_recompile pc=0x0000020987afa1f0 method=java.util.HashMap.putVal(ILjava/lang/Object;Ljava/lang/Object;ZZ)Ljava/lang/Object; @ 91 c2
Event: 0.560 Thread 0x00000209f3d2b000 Uncommon trap: reason=class_check action=maybe_recompile pc=0x0000020987afa1f0 method=java.util.HashMap.putVal(ILjava/lang/Object;Ljava/lang/Object;ZZ)Ljava/lang/Object; @ 91 c2
Event: 0.560 Thread 0x00000209f3d2b000 Uncommon trap: reason=class_check action=maybe_recompile pc=0x0000020987afa1f0 method=java.util.HashMap.putVal(ILjava/lang/Object;Ljava/lang/Object;ZZ)Ljava/lang/Object; @ 91 c2
Event: 0.596 Thread 0x00000209f3d2b000 Uncommon trap: reason=unstable_if action=reinterpret pc=0x0000020987af1b28 method=org.codehaus.plexus.util.xml.pull.MXParser.more()C @ 8 c2
Event: 0.608 Thread 0x00000209f3d2b000 Uncommon trap: reason=bimorphic_or_optimized_type_check action=maybe_recompile pc=0x0000020987b11ee0 method=java.util.HashMap.putVal(ILjava/lang/Object;Ljava/lang/Object;ZZ)Ljava/lang/Object; @ 91 c2
Event: 0.687 Thread 0x00000209f3d2b000 Uncommon trap: reason=unstable_if action=reinterpret pc=0x0000020987b11ea8 method=java.util.HashMap.putVal(ILjava/lang/Object;Ljava/lang/Object;ZZ)Ljava/lang/Object; @ 181 c2
Event: 0.704 Thread 0x00000209f3d2b000 Uncommon trap: reason=unstable_if action=reinterpret pc=0x0000020987b14c08 method=java.util.HashMap.getNode(ILjava/lang/Object;)Ljava/util/HashMap$Node; @ 129 c2
Event: 0.796 Thread 0x00000209f3d2b000 Uncommon trap: reason=unstable_if action=reinterpret pc=0x0000020987b386d0 method=java.lang.String.<init>([CIILjava/lang/Void;)V @ 5 c2
Event: 1.240 Thread 0x00000209f3d2b000 Uncommon trap: reason=unstable_if action=reinterpret pc=0x0000020987b0fb6c method=java.util.concurrent.ConcurrentHashMap.get(Ljava/lang/Object;)Ljava/lang/Object; @ 76 c2
Event: 1.241 Thread 0x00000209f3d2b000 Uncommon trap: reason=unstable_if action=reinterpret pc=0x0000020987b42464 method=java.lang.ClassLoader.checkName(Ljava/lang/String;)Z @ 1 c2

Classes redefined (0 events):
No events

Internal exceptions (10 events):
Event: 0.286 Thread 0x00000209f3d2b000 Exception <a 'sun/nio/fs/WindowsException'{0x000000008afdb608}> (0x000000008afdb608) thrown at [./open/src/hotspot/share/prims/jni.cpp, line 611]
Event: 0.286 Thread 0x00000209f3d2b000 Exception <a 'sun/nio/fs/WindowsException'{0x000000008afdbac0}> (0x000000008afdbac0) thrown at [./open/src/hotspot/share/prims/jni.cpp, line 611]
Event: 0.365 Thread 0x00000209f3d2b000 Exception <a 'java/lang/NoSuchMethodError'{0x000000008acb5030}: java.lang.invoke.DirectMethodHandle$Holder.invokeSpecialIFC(Ljava/lang/Object;Ljava/lang/Object;Ljava/lang/Object;Ljava/lang/Object;)Ljava/lang/Object;> (0x000000008acb5030) thrown at [./open
Event: 0.588 Thread 0x00000209f3d2b000 Exception <a 'java/lang/NoSuchMethodError'{0x000000008a039e90}: java.lang.invoke.DirectMethodHandle$Holder.invokeStaticInit(Ljava/lang/Object;Ljava/lang/Object;)I> (0x000000008a039e90) thrown at [./open/src/hotspot/share/interpreter/linkResolver.cpp, line
Event: 0.593 Thread 0x00000209f3d2b000 Exception <a 'java/lang/NoClassDefFoundError'{0x000000008a077f50}: javax/enterprise/inject/Typed> (0x000000008a077f50) thrown at [./open/src/hotspot/share/classfile/systemDictionary.cpp, line 215]
Event: 1.212 Thread 0x00000209f3d2b000 Exception <a 'java/lang/NoSuchMethodError'{0x00000000889e0578}: java.lang.invoke.DirectMethodHandle$Holder.invokeStaticInit(Ljava/lang/Object;Ljava/lang/Object;Ljava/lang/Object;)V> (0x00000000889e0578) thrown at [./open/src/hotspot/share/interpreter/link
Event: 1.241 Thread 0x00000209f3d2b000 Implicit null exception at 0x0000020987b422cf to 0x0000020987b42454
Event: 1.241 Thread 0x00000209f3d2b000 Exception <a 'java/lang/NoSuchMethodError'{0x000000008871c6a0}: java.lang.invoke.DirectMethodHandle$Holder.newInvokeSpecial(Ljava/lang/Object;I)Ljava/lang/Object;> (0x000000008871c6a0) thrown at [./open/src/hotspot/share/interpreter/linkResolver.cpp, line
Event: 1.243 Thread 0x00000209f3d2b000 Exception <a 'java/lang/NoSuchMethodError'{0x000000008872a308}: java.lang.invoke.Invokers$Holder.invokeExact_MT(Ljava/lang/Object;ILjava/lang/Object;)Ljava/lang/Object;> (0x000000008872a308) thrown at [./open/src/hotspot/share/interpreter/linkResolver.cpp
Event: 1.251 Thread 0x00000209f3d2b000 Exception <a 'java/lang/NoSuchMethodError'{0x0000000088789f88}: java.lang.invoke.DirectMethodHandle$Holder.invokeSpecial(Ljava/lang/Object;Ljava/lang/Object;Ljava/lang/Object;Ljava/lang/Object;)I> (0x0000000088789f88) thrown at [./open/src/hotspot/share/i

Events (10 events):
Event: 1.324 loading class com/google/inject/internal/SingleParameterInjector
Event: 1.324 loading class com/google/inject/internal/SingleParameterInjector done
Event: 1.324 loading class com/google/inject/internal/InjectorImpl$JitLimitation
Event: 1.324 loading class com/google/inject/internal/InjectorImpl$JitLimitation done
Event: 1.328 loading class com/google/inject/internal/SingleFieldInjector
Event: 1.328 loading class com/google/inject/internal/SingleFieldInjector done
Event: 1.329 loading class com/google/inject/internal/InjectorImpl$1
Event: 1.329 loading class com/google/inject/internal/InjectorImpl$1 done
Event: 1.330 loading class com/google/inject/internal/InjectorImpl$SyntheticProviderBindingImpl$1
Event: 1.330 loading class com/google/inject/internal/InjectorImpl$SyntheticProviderBindingImpl$1 done


Dynamic libraries:
0x00007ff7f05f0000 - 0x00007ff7f0600000 	C:\Program Files\Java\jdk-11\bin\java.exe
0x00007fff8f890000 - 0x00007fff8faa7000 	C:\WINDOWS\SYSTEM32\ntdll.dll
0x00007fff85050000 - 0x00007fff85069000 	C:\Program Files\AVG\Antivirus\aswhook.dll
0x00007fff8e100000 - 0x00007fff8e1c4000 	C:\WINDOWS\System32\KERNEL32.DLL
0x00007fff8cc70000 - 0x00007fff8d016000 	C:\WINDOWS\System32\KERNELBASE.dll
0x00007fff8d400000 - 0x00007fff8d511000 	C:\WINDOWS\System32\ucrtbase.dll
0x00007fff782d0000 - 0x00007fff782e9000 	C:\Program Files\Java\jdk-11\bin\jli.dll
0x00007fff75d30000 - 0x00007fff75d4b000 	C:\Program Files\Java\jdk-11\bin\VCRUNTIME140.dll
0x00007fff8eff0000 - 0x00007fff8f0a3000 	C:\WINDOWS\System32\ADVAPI32.dll
0x00007fff8f200000 - 0x00007fff8f2a7000 	C:\WINDOWS\System32\msvcrt.dll
0x00007fff8ef30000 - 0x00007fff8efd8000 	C:\WINDOWS\System32\sechost.dll
0x00007fff8d260000 - 0x00007fff8d288000 	C:\WINDOWS\System32\bcrypt.dll
0x00007fff8f2b0000 - 0x00007fff8f3c7000 	C:\WINDOWS\System32\RPCRT4.dll
0x00007fff8e1d0000 - 0x00007fff8e37e000 	C:\WINDOWS\System32\USER32.dll
0x00007fff8d020000 - 0x00007fff8d046000 	C:\WINDOWS\System32\win32u.dll
0x00007fff64730000 - 0x00007fff649c3000 	C:\WINDOWS\WinSxS\amd64_microsoft.windows.common-controls_6595b64144ccf1df_6.0.22621.2506_none_270c5ae97388e100\COMCTL32.dll
0x00007fff8d6e0000 - 0x00007fff8d709000 	C:\WINDOWS\System32\GDI32.dll
0x00007fff8d050000 - 0x00007fff8d168000 	C:\WINDOWS\System32\gdi32full.dll
0x00007fff8cbd0000 - 0x00007fff8cc6a000 	C:\WINDOWS\System32\msvcp_win.dll
0x00007fff850b0000 - 0x00007fff850ba000 	C:\WINDOWS\SYSTEM32\VERSION.dll
0x00007fff8ed30000 - 0x00007fff8ed61000 	C:\WINDOWS\System32\IMM32.DLL
0x00007fff847d0000 - 0x00007fff847dc000 	C:\Program Files\Java\jdk-11\bin\vcruntime140_1.dll
0x00007fff4bc90000 - 0x00007fff4bd1e000 	C:\Program Files\Java\jdk-11\bin\msvcp140.dll
0x00007ffea72d0000 - 0x00007ffea7e3c000 	C:\Program Files\Java\jdk-11\bin\server\jvm.dll
0x00007fff8efe0000 - 0x00007fff8efe8000 	C:\WINDOWS\System32\PSAPI.DLL
0x00007fff84470000 - 0x00007fff844a4000 	C:\WINDOWS\SYSTEM32\WINMM.dll
0x00007fff7f380000 - 0x00007fff7f389000 	C:\WINDOWS\SYSTEM32\WSOCK32.dll
0x00007fff8eb20000 - 0x00007fff8eb91000 	C:\WINDOWS\System32\WS2_32.dll
0x00007fff8bcf0000 - 0x00007fff8bd08000 	C:\WINDOWS\SYSTEM32\kernel.appcore.dll
0x00007fff83d60000 - 0x00007fff83d70000 	C:\Program Files\Java\jdk-11\bin\verify.dll
0x00007fff89e10000 - 0x00007fff8a043000 	C:\WINDOWS\SYSTEM32\DBGHELP.DLL
0x00007fff8e460000 - 0x00007fff8e7e9000 	C:\WINDOWS\System32\combase.dll
0x00007fff8e380000 - 0x00007fff8e457000 	C:\WINDOWS\System32\OLEAUT32.dll
0x00007fff81e00000 - 0x00007fff81e32000 	C:\WINDOWS\SYSTEM32\dbgcore.DLL
0x00007fff8d1e0000 - 0x00007fff8d25a000 	C:\WINDOWS\System32\bcryptPrimitives.dll
0x00007fff6e6d0000 - 0x00007fff6e6f8000 	C:\Program Files\Java\jdk-11\bin\java.dll
0x00007fff81d40000 - 0x00007fff81d4a000 	C:\Program Files\Java\jdk-11\bin\jimage.dll
0x00007fff6e540000 - 0x00007fff6e557000 	C:\Program Files\Java\jdk-11\bin\zip.dll
0x00007fff8d710000 - 0x00007fff8df6a000 	C:\WINDOWS\System32\SHELL32.dll
0x00007fff8ab30000 - 0x00007fff8b426000 	C:\WINDOWS\SYSTEM32\windows.storage.dll
0x00007fff8a9f0000 - 0x00007fff8ab2e000 	C:\WINDOWS\SYSTEM32\wintypes.dll
0x00007fff8d5e0000 - 0x00007fff8d6d3000 	C:\WINDOWS\System32\SHCORE.dll
0x00007fff8ecd0000 - 0x00007fff8ed2e000 	C:\WINDOWS\System32\shlwapi.dll
0x00007fff8cb00000 - 0x00007fff8cb26000 	C:\WINDOWS\SYSTEM32\profapi.dll
0x00007fff6e480000 - 0x00007fff6e499000 	C:\Program Files\Java\jdk-11\bin\net.dll
0x00007fff857e0000 - 0x00007fff85917000 	C:\WINDOWS\SYSTEM32\WINHTTP.dll
0x00007fff8c170000 - 0x00007fff8c1d9000 	C:\WINDOWS\system32\mswsock.dll
0x00007fff6e350000 - 0x00007fff6e362000 	C:\Program Files\Java\jdk-11\bin\nio.dll
0x0000000069ac0000 - 0x0000000069ae4000 	C:\Program Files\NetBeans-19\netbeans\java\maven\lib\jansi-native\Windows\x86_64\jansi.dll

dbghelp: loaded successfully - version: 4.0.5 - missing functions: none
symbol engine: initialized successfully - sym options: 0x614 - pdb path: .;C:\Program Files\Java\jdk-11\bin;C:\WINDOWS\SYSTEM32;C:\Program Files\AVG\Antivirus;C:\WINDOWS\WinSxS\amd64_microsoft.windows.common-controls_6595b64144ccf1df_6.0.22621.2506_none_270c5ae97388e100;C:\Program Files\Java\jdk-11\bin\server;C:\Program Files\NetBeans-19\netbeans\java\maven\lib\jansi-native\Windows\x86_64

VM Arguments:
jvm_args: -Dclassworlds.conf=C:\Program Files\NetBeans-19\netbeans\java\maven\bin\m2.conf -Dmaven.home=C:\Program Files\NetBeans-19\netbeans\java\maven -Dlibrary.jansi.path=C:\Program Files\NetBeans-19\netbeans\java\maven\lib\jansi-native -Dmaven.multiModuleProjectDirectory=C:\Users\aless\OneDrive\Desktop\OBJECT ORIENTED DESIGN & DEVELOPMENT\GroupProject_AD\GroupProject_AD 
java_command: org.codehaus.plexus.classworlds.launcher.Launcher -Dexec.vmArgs= -Dexec.args=${exec.vmArgs} -classpath %classpath ${exec.mainClass} ${exec.appArgs} -Dexec.executable=C:\Program Files\Java\jdk-11\bin\java.exe -Dexec.mainClass=GroupProject_AD.GroupProject_AD -Dexec.classpathScope=runtime -Dexec.appArgs= -Dmaven.ext.class.path=C:\Program Files\NetBeans-19\netbeans\java\maven-nblib\netbeans-eventspy.jar -Dfile.encoding=UTF-8 --no-transfer-progress process-classes org.codehaus.mojo:exec-maven-plugin:3.1.0:exec
java_class_path (initial): C:\Program Files\NetBeans-19\netbeans\java\maven\boot\plexus-classworlds-2.7.0.jar
Launcher Type: SUN_STANDARD

[Global flags]
     intx CICompilerCount                          = 4                                         {product} {ergonomic}
     uint ConcGCThreads                            = 2                                         {product} {ergonomic}
     uint G1ConcRefinementThreads                  = 8                                         {product} {ergonomic}
   size_t G1HeapRegionSize                         = 1048576                                   {product} {ergonomic}
    uintx GCDrainStackTargetSize                   = 64                                        {product} {ergonomic}
   size_t InitialHeapSize                          = 132120576                                 {product} {ergonomic}
   size_t MarkStackSize                            = 4194304                                   {product} {ergonomic}
   size_t MaxHeapSize                              = 2090860544                                {product} {ergonomic}
   size_t MaxNewSize                               = 1254096896                                {product} {ergonomic}
   size_t MinHeapDeltaBytes                        = 1048576                                   {product} {ergonomic}
    uintx NonNMethodCodeHeapSize                   = 5836300                                {pd product} {ergonomic}
    uintx NonProfiledCodeHeapSize                  = 122910970                              {pd product} {ergonomic}
    uintx ProfiledCodeHeapSize                     = 122910970                              {pd product} {ergonomic}
    uintx ReservedCodeCacheSize                    = 251658240                              {pd product} {ergonomic}
     bool SegmentedCodeCache                       = true                                      {product} {ergonomic}
     bool UseCompressedClassPointers               = true                                 {lp64_product} {ergonomic}
     bool UseCompressedOops                        = true                                 {lp64_product} {ergonomic}
     bool UseG1GC                                  = true                                      {product} {ergonomic}
     bool UseLargePagesIndividualAllocation        = false                                  {pd product} {ergonomic}

Logging:
Log output configuration:
 #0: stdout all=warning uptime,level,tags
 #1: stderr all=off uptime,level,tags

Environment Variables:
JAVA_HOME=C:\Program Files\Java\jdk-11
PATH=C:\Program Files (x86)\VMware\VMware Player\bin\;C:\Program Files\Common Files\Oracle\Java\javapath;C:\Program Files (x86)\Common Files\Oracle\Java\javapath;C:\Program Files (x86)\Common Files\Intel\Shared Libraries\redist\intel64\compiler;C:\WINDOWS\system32;C:\WINDOWS;C:\WINDOWS\System32\Wbem;C:\WINDOWS\System32\WindowsPowerShell\v1.0\;C:\WINDOWS\System32\OpenSSH\;C:\Program Files\nodejs\;C:\Program Files\Git\cmd;C:\Program Files\RedHat\java-17-openjdk-17.0.8.1.1-2.jre\bin;C:\Users\aless\AppData\Local\Programs\Python\Python311\Scripts\;C:\Users\aless\AppData\Local\Programs\Python\Python311\;C:\Users\aless\AppData\Local\Microsoft\WindowsApps;;C:\Users\aless\AppData\Local\Programs\Microsoft VS Code\bin;C:\Users\aless\AppData\Roaming\npm
USERNAME=aless
OS=Windows_NT
PROCESSOR_IDENTIFIER=Intel64 Family 6 Model 140 Stepping 1, GenuineIntel



---------------  S Y S T E M  ---------------

OS: Windows 11 , 64 bit Build 22621 (10.0.22621.2506)

CPU:total 8 (initial active 8) (4 cores per cpu, 2 threads per core) family 6 model 140 stepping 1 microcode 0x8a, cmov, cx8, fxsr, mmx, sse, sse2, sse3, ssse3, sse4.1, sse4.2, popcnt, avx, avx2, aes, clmul, erms, 3dnowpref, lzcnt, ht, tsc, tscinvbit, bmi1, bmi2, adx, evex, sha, fma

Memory: 4k page, system-wide physical 7975M (289M free)
TotalPageFile size 32551M (AvailPageFile size 6M)
current process WorkingSet (physical memory assigned to process): 130M, peak: 130M
current process commit charge ("private bytes"): 246M, peak: 246M

vm_info: Java HotSpot(TM) 64-Bit Server VM (11.0.19+9-LTS-224) for windows-amd64 JRE (11.0.19+9-LTS-224), built on Mar 27 2023 08:48:55 by "mach5one" with MS VC++ 17.1 (VS2022)

END.
